2021-05-25T05:05:21+00:00 CRITICAL Allowed memory size of 268435456 bytes exhausted (tried to allocate 62713729 bytes) in /Applications/MAMP/htdocs/hospo/wp-content/plugins/wp-smart-image-resize-pro/src/vendor/intervention/image/src/Intervention/Image/Gd/Driver.php on line 83

2021-05-25T05:06:40+00:00 CRITICAL Allowed memory size of 268435456 bytes exhausted (tried to allocate 62713729 bytes) in /Applications/MAMP/htdocs/hospo/wp-content/plugins/wp-smart-image-resize-pro/src/vendor/intervention/image/src/Intervention/Image/Gd/Driver.php on line 44

2021-05-25T05:25:49+00:00 CRITICAL syntax error, unexpected '}', expecting ';' or ',' in /Applications/MAMP/htdocs/hospo/wp-content/themes/webduel-theme/inc/woocommerce.php on line 8

2021-05-25T05:25:53+00:00 CRITICAL Cannot redeclare add_filter() (previously declared in /Applications/MAMP/htdocs/hospo/wp-includes/plugin.php:114) in /Applications/MAMP/htdocs/hospo/wp-content/themes/webduel-theme/inc/woocommerce.php on line 6

2021-05-25T05:25:58+00:00 CRITICAL Cannot redeclare add_filter() (previously declared in /Applications/MAMP/htdocs/hospo/wp-includes/plugin.php:114) in /Applications/MAMP/htdocs/hospo/wp-content/themes/webduel-theme/inc/woocommerce.php on line 6

2021-05-25T10:08:58+00:00 CRITICAL syntax error, unexpected ';', expecting ']' in /Applications/MAMP/htdocs/hospo/wp-content/themes/webduel-theme/header.php on line 58

2021-05-25T10:08:58+00:00 CRITICAL syntax error, unexpected ';', expecting ']' in /Applications/MAMP/htdocs/hospo/wp-content/themes/webduel-theme/header.php on line 58

2021-05-25T10:08:58+00:00 CRITICAL syntax error, unexpected ';', expecting ']' in /Applications/MAMP/htdocs/hospo/wp-content/themes/webduel-theme/header.php on line 58

2021-05-25T10:09:09+00:00 CRITICAL syntax error, unexpected ';', expecting ']' in /Applications/MAMP/htdocs/hospo/wp-content/themes/webduel-theme/header.php on line 58

2021-05-25T10:09:38+00:00 CRITICAL syntax error, unexpected ';', expecting ']' in /Applications/MAMP/htdocs/hospo/wp-content/themes/webduel-theme/header.php on line 58

2021-05-25T10:09:40+00:00 CRITICAL syntax error, unexpected ';', expecting ']' in /Applications/MAMP/htdocs/hospo/wp-content/themes/webduel-theme/header.php on line 58

2021-05-25T10:56:55+00:00 CRITICAL syntax error, unexpected '<', expecting end of file in /Applications/MAMP/htdocs/hospo/wp-content/themes/webduel-theme/header.php on line 150

2021-05-25T12:35:51+00:00 CRITICAL Uncaught Error: Call to undefined function add() in /Applications/MAMP/htdocs/hospo/wp-content/themes/webduel-theme/inc/woocommerce.php:16
Stack trace:
#0 /Applications/MAMP/htdocs/hospo/wp-content/themes/webduel-theme/functions.php(10): require()
#1 /Applications/MAMP/htdocs/hospo/wp-settings.php(528): include('/Applications/M...')
#2 /Applications/MAMP/htdocs/hospo/wp-config.php(90): require_once('/Applications/M...')
#3 /Applications/MAMP/htdocs/hospo/wp-load.php(37): require_once('/Applications/M...')
#4 /Applications/MAMP/htdocs/hospo/wp-blog-header.php(13): require_once('/Applications/M...')
#5 /Applications/MAMP/htdocs/hospo/index.php(17): require('/Applications/M...')
#6 {main}
  thrown in /Applications/MAMP/htdocs/hospo/wp-content/themes/webduel-theme/inc/woocommerce.php on line 16

2021-05-25T12:35:51+00:00 CRITICAL Uncaught Error: Call to undefined function add() in /Applications/MAMP/htdocs/hospo/wp-content/themes/webduel-theme/inc/woocommerce.php:16
Stack trace:
#0 /Applications/MAMP/htdocs/hospo/wp-content/themes/webduel-theme/functions.php(10): require()
#1 /Applications/MAMP/htdocs/hospo/wp-settings.php(528): include('/Applications/M...')
#2 /Applications/MAMP/htdocs/hospo/wp-config.php(90): require_once('/Applications/M...')
#3 /Applications/MAMP/htdocs/hospo/wp-load.php(37): require_once('/Applications/M...')
#4 /Applications/MAMP/htdocs/hospo/wp-blog-header.php(13): require_once('/Applications/M...')
#5 /Applications/MAMP/htdocs/hospo/index.php(17): require('/Applications/M...')
#6 {main}
  thrown in /Applications/MAMP/htdocs/hospo/wp-content/themes/webduel-theme/inc/woocommerce.php on line 16

2021-05-25T12:49:05+00:00 CRITICAL syntax error, unexpected 'echo' (T_ECHO) in /Applications/MAMP/htdocs/hospo/wp-content/themes/webduel-theme/inc/woocommerce.php on line 37

2021-05-25T12:49:07+00:00 CRITICAL syntax error, unexpected 'echo' (T_ECHO) in /Applications/MAMP/htdocs/hospo/wp-content/themes/webduel-theme/inc/woocommerce.php on line 37

2021-05-25T12:50:17+00:00 CRITICAL syntax error, unexpected '}', expecting ';' or ',' in /Applications/MAMP/htdocs/hospo/wp-content/themes/webduel-theme/inc/woocommerce.php on line 38

2021-05-25T12:54:38+00:00 CRITICAL Uncaught ArgumentCountError: Too few arguments to function remove_action(), 1 passed in /Applications/MAMP/htdocs/hospo/wp-content/themes/webduel-theme/inc/woocommerce.php on line 44 and at least 2 expected in /Applications/MAMP/htdocs/hospo/wp-includes/plugin.php:590
Stack trace:
#0 /Applications/MAMP/htdocs/hospo/wp-content/themes/webduel-theme/inc/woocommerce.php(44): remove_action('woocommerce_sid...')
#1 /Applications/MAMP/htdocs/hospo/wp-content/themes/webduel-theme/functions.php(10): require('/Applications/M...')
#2 /Applications/MAMP/htdocs/hospo/wp-settings.php(528): include('/Applications/M...')
#3 /Applications/MAMP/htdocs/hospo/wp-config.php(90): require_once('/Applications/M...')
#4 /Applications/MAMP/htdocs/hospo/wp-load.php(37): require_once('/Applications/M...')
#5 /Applications/MAMP/htdocs/hospo/wp-blog-header.php(13): require_once('/Applications/M...')
#6 /Applications/MAMP/htdocs/hospo/index.php(17): require('/Applications/M...')
#7 {main}
  thrown in /Applications/MAMP/htdocs/hospo/wp-includes/plugin.php on line 590

2021-05-25T13:14:32+00:00 CRITICAL Uncaught ArgumentCountError: Too few arguments to function remove_action(), 1 passed in /Applications/MAMP/htdocs/hospo/wp-content/themes/webduel-theme/inc/woocommerce.php on line 43 and at least 2 expected in /Applications/MAMP/htdocs/hospo/wp-includes/plugin.php:590
Stack trace:
#0 /Applications/MAMP/htdocs/hospo/wp-content/themes/webduel-theme/inc/woocommerce.php(43): remove_action('woocommerce_pro...')
#1 /Applications/MAMP/htdocs/hospo/wp-content/themes/webduel-theme/functions.php(10): require('/Applications/M...')
#2 /Applications/MAMP/htdocs/hospo/wp-settings.php(528): include('/Applications/M...')
#3 /Applications/MAMP/htdocs/hospo/wp-config.php(90): require_once('/Applications/M...')
#4 /Applications/MAMP/htdocs/hospo/wp-load.php(37): require_once('/Applications/M...')
#5 /Applications/MAMP/htdocs/hospo/wp-blog-header.php(13): require_once('/Applications/M...')
#6 /Applications/MAMP/htdocs/hospo/index.php(17): require('/Applications/M...')
#7 {main}
  thrown in /Applications/MAMP/htdocs/hospo/wp-includes/plugin.php on line 590

2021-05-25T13:14:33+00:00 CRITICAL Uncaught ArgumentCountError: Too few arguments to function remove_action(), 1 passed in /Applications/MAMP/htdocs/hospo/wp-content/themes/webduel-theme/inc/woocommerce.php on line 43 and at least 2 expected in /Applications/MAMP/htdocs/hospo/wp-includes/plugin.php:590
Stack trace:
#0 /Applications/MAMP/htdocs/hospo/wp-content/themes/webduel-theme/inc/woocommerce.php(43): remove_action('woocommerce_pro...')
#1 /Applications/MAMP/htdocs/hospo/wp-content/themes/webduel-theme/functions.php(10): require('/Applications/M...')
#2 /Applications/MAMP/htdocs/hospo/wp-settings.php(528): include('/Applications/M...')
#3 /Applications/MAMP/htdocs/hospo/wp-config.php(90): require_once('/Applications/M...')
#4 /Applications/MAMP/htdocs/hospo/wp-load.php(37): require_once('/Applications/M...')
#5 /Applications/MAMP/htdocs/hospo/wp-blog-header.php(13): require_once('/Applications/M...')
#6 /Applications/MAMP/htdocs/hospo/index.php(17): require('/Applications/M...')
#7 {main}
  thrown in /Applications/MAMP/htdocs/hospo/wp-includes/plugin.php on line 590

2021-05-25T13:14:37+00:00 CRITICAL Uncaught ArgumentCountError: Too few arguments to function remove_action(), 1 passed in /Applications/MAMP/htdocs/hospo/wp-content/themes/webduel-theme/inc/woocommerce.php on line 43 and at least 2 expected in /Applications/MAMP/htdocs/hospo/wp-includes/plugin.php:590
Stack trace:
#0 /Applications/MAMP/htdocs/hospo/wp-content/themes/webduel-theme/inc/woocommerce.php(43): remove_action('woocommerce_pro...')
#1 /Applications/MAMP/htdocs/hospo/wp-content/themes/webduel-theme/functions.php(10): require('/Applications/M...')
#2 /Applications/MAMP/htdocs/hospo/wp-settings.php(528): include('/Applications/M...')
#3 /Applications/MAMP/htdocs/hospo/wp-config.php(90): require_once('/Applications/M...')
#4 /Applications/MAMP/htdocs/hospo/wp-load.php(37): require_once('/Applications/M...')
#5 /Applications/MAMP/htdocs/hospo/wp-blog-header.php(13): require_once('/Applications/M...')
#6 /Applications/MAMP/htdocs/hospo/index.php(17): require('/Applications/M...')
#7 {main}
  thrown in /Applications/MAMP/htdocs/hospo/wp-includes/plugin.php on line 590

