2021-10-03T00:40:01+00:00 CRITICAL Uncaught Error: Call to a member function get_description() on string in /home/customer/www/vegestar.co.nz/public_html/wp-content/themes/webduel-theme/functions.php:94
Stack trace:
#0 /home/customer/www/vegestar.co.nz/public_html/wp-includes/class-wp-hook.php(303): change_yoast_desc('', Object(Yoast\WP\SEO\Presentations\Indexable_Error_Page_Presentation))
#1 /home/customer/www/vegestar.co.nz/public_html/wp-includes/plugin.php(189): WP_Hook->apply_filters('', Array)
#2 /home/customer/www/vegestar.co.nz/public_html/wp-content/plugins/wordpress-seo/src/presenters/meta-description-presenter.php(60): apply_filters('wpseo_metadesc', '', Object(Yoast\WP\SEO\Presentations\Indexable_Error_Page_Presentation))
#3 /home/customer/www/vegestar.co.nz/public_html/wp-content/plugins/wordpress-seo/src/presenters/abstract-indexable-tag-presenter.php(37): Yoast\WP\SEO\Presenters\Meta_Description_Presenter->get()
#4 /home/customer/www/vegestar.co.nz/public_html/wp-content/plugins/wordpress-seo/src/presenters/meta-description-pres in /home/customer/www/vegestar.co.nz/public_html/wp-content/themes/webduel-theme/functions.php on line 94

2021-10-03T04:26:06+00:00 CRITICAL Uncaught Error: Call to a member function get_description() on string in /home/customer/www/vegestar.co.nz/public_html/wp-content/themes/webduel-theme/functions.php:94
Stack trace:
#0 /home/customer/www/vegestar.co.nz/public_html/wp-includes/class-wp-hook.php(303): change_yoast_desc('', Object(Yoast\WP\SEO\Presentations\Indexable_Error_Page_Presentation))
#1 /home/customer/www/vegestar.co.nz/public_html/wp-includes/plugin.php(189): WP_Hook->apply_filters('', Array)
#2 /home/customer/www/vegestar.co.nz/public_html/wp-content/plugins/wordpress-seo/src/presenters/meta-description-presenter.php(60): apply_filters('wpseo_metadesc', '', Object(Yoast\WP\SEO\Presentations\Indexable_Error_Page_Presentation))
#3 /home/customer/www/vegestar.co.nz/public_html/wp-content/plugins/wordpress-seo/src/presenters/abstract-indexable-tag-presenter.php(37): Yoast\WP\SEO\Presenters\Meta_Description_Presenter->get()
#4 /home/customer/www/vegestar.co.nz/public_html/wp-content/plugins/wordpress-seo/src/presenters/meta-description-pres in /home/customer/www/vegestar.co.nz/public_html/wp-content/themes/webduel-theme/functions.php on line 94

2021-10-03T04:28:01+00:00 CRITICAL Uncaught Error: Call to a member function get_description() on string in /home/customer/www/vegestar.co.nz/public_html/wp-content/themes/webduel-theme/functions.php:94
Stack trace:
#0 /home/customer/www/vegestar.co.nz/public_html/wp-includes/class-wp-hook.php(303): change_yoast_desc('', Object(Yoast\WP\SEO\Presentations\Indexable_Error_Page_Presentation))
#1 /home/customer/www/vegestar.co.nz/public_html/wp-includes/plugin.php(189): WP_Hook->apply_filters('', Array)
#2 /home/customer/www/vegestar.co.nz/public_html/wp-content/plugins/wordpress-seo/src/presenters/meta-description-presenter.php(60): apply_filters('wpseo_metadesc', '', Object(Yoast\WP\SEO\Presentations\Indexable_Error_Page_Presentation))
#3 /home/customer/www/vegestar.co.nz/public_html/wp-content/plugins/wordpress-seo/src/presenters/abstract-indexable-tag-presenter.php(37): Yoast\WP\SEO\Presenters\Meta_Description_Presenter->get()
#4 /home/customer/www/vegestar.co.nz/public_html/wp-content/plugins/wordpress-seo/src/presenters/meta-description-pres in /home/customer/www/vegestar.co.nz/public_html/wp-content/themes/webduel-theme/functions.php on line 94

2021-10-03T06:19:03+00:00 CRITICAL Uncaught Error: Call to a member function get_description() on string in /home/customer/www/vegestar.co.nz/public_html/wp-content/themes/webduel-theme/functions.php:94
Stack trace:
#0 /home/customer/www/vegestar.co.nz/public_html/wp-includes/class-wp-hook.php(303): change_yoast_desc('', Object(Yoast\WP\SEO\Presentations\Indexable_Error_Page_Presentation))
#1 /home/customer/www/vegestar.co.nz/public_html/wp-includes/plugin.php(189): WP_Hook->apply_filters('', Array)
#2 /home/customer/www/vegestar.co.nz/public_html/wp-content/plugins/wordpress-seo/src/presenters/meta-description-presenter.php(60): apply_filters('wpseo_metadesc', '', Object(Yoast\WP\SEO\Presentations\Indexable_Error_Page_Presentation))
#3 /home/customer/www/vegestar.co.nz/public_html/wp-content/plugins/wordpress-seo/src/presenters/abstract-indexable-tag-presenter.php(37): Yoast\WP\SEO\Presenters\Meta_Description_Presenter->get()
#4 /home/customer/www/vegestar.co.nz/public_html/wp-content/plugins/wordpress-seo/src/presenters/meta-description-pres in /home/customer/www/vegestar.co.nz/public_html/wp-content/themes/webduel-theme/functions.php on line 94

2021-10-03T06:20:14+00:00 CRITICAL Uncaught Error: Call to a member function get_description() on string in /home/customer/www/vegestar.co.nz/public_html/wp-content/themes/webduel-theme/functions.php:94
Stack trace:
#0 /home/customer/www/vegestar.co.nz/public_html/wp-includes/class-wp-hook.php(303): change_yoast_desc('', Object(Yoast\WP\SEO\Presentations\Indexable_Error_Page_Presentation))
#1 /home/customer/www/vegestar.co.nz/public_html/wp-includes/plugin.php(189): WP_Hook->apply_filters('', Array)
#2 /home/customer/www/vegestar.co.nz/public_html/wp-content/plugins/wordpress-seo/src/presenters/meta-description-presenter.php(60): apply_filters('wpseo_metadesc', '', Object(Yoast\WP\SEO\Presentations\Indexable_Error_Page_Presentation))
#3 /home/customer/www/vegestar.co.nz/public_html/wp-content/plugins/wordpress-seo/src/presenters/abstract-indexable-tag-presenter.php(37): Yoast\WP\SEO\Presenters\Meta_Description_Presenter->get()
#4 /home/customer/www/vegestar.co.nz/public_html/wp-content/plugins/wordpress-seo/src/presenters/meta-description-pres in /home/customer/www/vegestar.co.nz/public_html/wp-content/themes/webduel-theme/functions.php on line 94

2021-10-03T15:21:37+00:00 CRITICAL Uncaught Error: Call to a member function get_description() on string in /home/customer/www/vegestar.co.nz/public_html/wp-content/themes/webduel-theme/functions.php:94
Stack trace:
#0 /home/customer/www/vegestar.co.nz/public_html/wp-includes/class-wp-hook.php(303): change_yoast_desc('', Object(Yoast\WP\SEO\Presentations\Indexable_Error_Page_Presentation))
#1 /home/customer/www/vegestar.co.nz/public_html/wp-includes/plugin.php(189): WP_Hook->apply_filters('', Array)
#2 /home/customer/www/vegestar.co.nz/public_html/wp-content/plugins/wordpress-seo/src/presenters/meta-description-presenter.php(60): apply_filters('wpseo_metadesc', '', Object(Yoast\WP\SEO\Presentations\Indexable_Error_Page_Presentation))
#3 /home/customer/www/vegestar.co.nz/public_html/wp-content/plugins/wordpress-seo/src/presenters/abstract-indexable-tag-presenter.php(37): Yoast\WP\SEO\Presenters\Meta_Description_Presenter->get()
#4 /home/customer/www/vegestar.co.nz/public_html/wp-content/plugins/wordpress-seo/src/presenters/meta-description-pres in /home/customer/www/vegestar.co.nz/public_html/wp-content/themes/webduel-theme/functions.php on line 94

2021-10-03T16:09:04+00:00 CRITICAL Uncaught Error: Call to a member function get_description() on string in /home/customer/www/vegestar.co.nz/public_html/wp-content/themes/webduel-theme/functions.php:94
Stack trace:
#0 /home/customer/www/vegestar.co.nz/public_html/wp-includes/class-wp-hook.php(303): change_yoast_desc('', Object(Yoast\WP\SEO\Presentations\Indexable_Error_Page_Presentation))
#1 /home/customer/www/vegestar.co.nz/public_html/wp-includes/plugin.php(189): WP_Hook->apply_filters('', Array)
#2 /home/customer/www/vegestar.co.nz/public_html/wp-content/plugins/wordpress-seo/src/presenters/meta-description-presenter.php(60): apply_filters('wpseo_metadesc', '', Object(Yoast\WP\SEO\Presentations\Indexable_Error_Page_Presentation))
#3 /home/customer/www/vegestar.co.nz/public_html/wp-content/plugins/wordpress-seo/src/presenters/abstract-indexable-tag-presenter.php(37): Yoast\WP\SEO\Presenters\Meta_Description_Presenter->get()
#4 /home/customer/www/vegestar.co.nz/public_html/wp-content/plugins/wordpress-seo/src/presenters/meta-description-pres in /home/customer/www/vegestar.co.nz/public_html/wp-content/themes/webduel-theme/functions.php on line 94

2021-10-03T16:54:34+00:00 CRITICAL Uncaught Error: Call to a member function get_description() on string in /home/customer/www/vegestar.co.nz/public_html/wp-content/themes/webduel-theme/functions.php:94
Stack trace:
#0 /home/customer/www/vegestar.co.nz/public_html/wp-includes/class-wp-hook.php(303): change_yoast_desc('', Object(Yoast\WP\SEO\Presentations\Indexable_Error_Page_Presentation))
#1 /home/customer/www/vegestar.co.nz/public_html/wp-includes/plugin.php(189): WP_Hook->apply_filters('', Array)
#2 /home/customer/www/vegestar.co.nz/public_html/wp-content/plugins/wordpress-seo/src/presenters/meta-description-presenter.php(60): apply_filters('wpseo_metadesc', '', Object(Yoast\WP\SEO\Presentations\Indexable_Error_Page_Presentation))
#3 /home/customer/www/vegestar.co.nz/public_html/wp-content/plugins/wordpress-seo/src/presenters/abstract-indexable-tag-presenter.php(37): Yoast\WP\SEO\Presenters\Meta_Description_Presenter->get()
#4 /home/customer/www/vegestar.co.nz/public_html/wp-content/plugins/wordpress-seo/src/presenters/meta-description-pres in /home/customer/www/vegestar.co.nz/public_html/wp-content/themes/webduel-theme/functions.php on line 94

2021-10-03T23:31:51+00:00 CRITICAL Uncaught Error: Call to a member function get_description() on string in /home/customer/www/vegestar.co.nz/public_html/wp-content/themes/webduel-theme/functions.php:94
Stack trace:
#0 /home/customer/www/vegestar.co.nz/public_html/wp-includes/class-wp-hook.php(303): change_yoast_desc('', Object(Yoast\WP\SEO\Presentations\Indexable_Error_Page_Presentation))
#1 /home/customer/www/vegestar.co.nz/public_html/wp-includes/plugin.php(189): WP_Hook->apply_filters('', Array)
#2 /home/customer/www/vegestar.co.nz/public_html/wp-content/plugins/wordpress-seo/src/presenters/meta-description-presenter.php(60): apply_filters('wpseo_metadesc', '', Object(Yoast\WP\SEO\Presentations\Indexable_Error_Page_Presentation))
#3 /home/customer/www/vegestar.co.nz/public_html/wp-content/plugins/wordpress-seo/src/presenters/abstract-indexable-tag-presenter.php(37): Yoast\WP\SEO\Presenters\Meta_Description_Presenter->get()
#4 /home/customer/www/vegestar.co.nz/public_html/wp-content/plugins/wordpress-seo/src/presenters/meta-description-pres in /home/customer/www/vegestar.co.nz/public_html/wp-content/themes/webduel-theme/functions.php on line 94

2021-10-03T23:32:21+00:00 CRITICAL Uncaught Error: Call to a member function get_description() on string in /home/customer/www/vegestar.co.nz/public_html/wp-content/themes/webduel-theme/functions.php:94
Stack trace:
#0 /home/customer/www/vegestar.co.nz/public_html/wp-includes/class-wp-hook.php(303): change_yoast_desc('', Object(Yoast\WP\SEO\Presentations\Indexable_Error_Page_Presentation))
#1 /home/customer/www/vegestar.co.nz/public_html/wp-includes/plugin.php(189): WP_Hook->apply_filters('', Array)
#2 /home/customer/www/vegestar.co.nz/public_html/wp-content/plugins/wordpress-seo/src/presenters/meta-description-presenter.php(60): apply_filters('wpseo_metadesc', '', Object(Yoast\WP\SEO\Presentations\Indexable_Error_Page_Presentation))
#3 /home/customer/www/vegestar.co.nz/public_html/wp-content/plugins/wordpress-seo/src/presenters/abstract-indexable-tag-presenter.php(37): Yoast\WP\SEO\Presenters\Meta_Description_Presenter->get()
#4 /home/customer/www/vegestar.co.nz/public_html/wp-content/plugins/wordpress-seo/src/presenters/meta-description-pres in /home/customer/www/vegestar.co.nz/public_html/wp-content/themes/webduel-theme/functions.php on line 94

2021-10-03T23:32:33+00:00 CRITICAL Uncaught Error: Call to a member function get_description() on string in /home/customer/www/vegestar.co.nz/public_html/wp-content/themes/webduel-theme/functions.php:94
Stack trace:
#0 /home/customer/www/vegestar.co.nz/public_html/wp-includes/class-wp-hook.php(303): change_yoast_desc('', Object(Yoast\WP\SEO\Presentations\Indexable_Error_Page_Presentation))
#1 /home/customer/www/vegestar.co.nz/public_html/wp-includes/plugin.php(189): WP_Hook->apply_filters('', Array)
#2 /home/customer/www/vegestar.co.nz/public_html/wp-content/plugins/wordpress-seo/src/presenters/meta-description-presenter.php(60): apply_filters('wpseo_metadesc', '', Object(Yoast\WP\SEO\Presentations\Indexable_Error_Page_Presentation))
#3 /home/customer/www/vegestar.co.nz/public_html/wp-content/plugins/wordpress-seo/src/presenters/abstract-indexable-tag-presenter.php(37): Yoast\WP\SEO\Presenters\Meta_Description_Presenter->get()
#4 /home/customer/www/vegestar.co.nz/public_html/wp-content/plugins/wordpress-seo/src/presenters/meta-description-pres in /home/customer/www/vegestar.co.nz/public_html/wp-content/themes/webduel-theme/functions.php on line 94

2021-10-03T23:32:46+00:00 CRITICAL Uncaught Error: Call to a member function get_description() on string in /home/customer/www/vegestar.co.nz/public_html/wp-content/themes/webduel-theme/functions.php:94
Stack trace:
#0 /home/customer/www/vegestar.co.nz/public_html/wp-includes/class-wp-hook.php(303): change_yoast_desc('', Object(Yoast\WP\SEO\Presentations\Indexable_Error_Page_Presentation))
#1 /home/customer/www/vegestar.co.nz/public_html/wp-includes/plugin.php(189): WP_Hook->apply_filters('', Array)
#2 /home/customer/www/vegestar.co.nz/public_html/wp-content/plugins/wordpress-seo/src/presenters/meta-description-presenter.php(60): apply_filters('wpseo_metadesc', '', Object(Yoast\WP\SEO\Presentations\Indexable_Error_Page_Presentation))
#3 /home/customer/www/vegestar.co.nz/public_html/wp-content/plugins/wordpress-seo/src/presenters/abstract-indexable-tag-presenter.php(37): Yoast\WP\SEO\Presenters\Meta_Description_Presenter->get()
#4 /home/customer/www/vegestar.co.nz/public_html/wp-content/plugins/wordpress-seo/src/presenters/meta-description-pres in /home/customer/www/vegestar.co.nz/public_html/wp-content/themes/webduel-theme/functions.php on line 94

2021-10-03T23:32:57+00:00 CRITICAL Uncaught Error: Call to a member function get_description() on string in /home/customer/www/vegestar.co.nz/public_html/wp-content/themes/webduel-theme/functions.php:94
Stack trace:
#0 /home/customer/www/vegestar.co.nz/public_html/wp-includes/class-wp-hook.php(303): change_yoast_desc('', Object(Yoast\WP\SEO\Presentations\Indexable_Error_Page_Presentation))
#1 /home/customer/www/vegestar.co.nz/public_html/wp-includes/plugin.php(189): WP_Hook->apply_filters('', Array)
#2 /home/customer/www/vegestar.co.nz/public_html/wp-content/plugins/wordpress-seo/src/presenters/meta-description-presenter.php(60): apply_filters('wpseo_metadesc', '', Object(Yoast\WP\SEO\Presentations\Indexable_Error_Page_Presentation))
#3 /home/customer/www/vegestar.co.nz/public_html/wp-content/plugins/wordpress-seo/src/presenters/abstract-indexable-tag-presenter.php(37): Yoast\WP\SEO\Presenters\Meta_Description_Presenter->get()
#4 /home/customer/www/vegestar.co.nz/public_html/wp-content/plugins/wordpress-seo/src/presenters/meta-description-pres in /home/customer/www/vegestar.co.nz/public_html/wp-content/themes/webduel-theme/functions.php on line 94

2021-10-03T23:33:06+00:00 CRITICAL Uncaught Error: Call to a member function get_description() on string in /home/customer/www/vegestar.co.nz/public_html/wp-content/themes/webduel-theme/functions.php:94
Stack trace:
#0 /home/customer/www/vegestar.co.nz/public_html/wp-includes/class-wp-hook.php(303): change_yoast_desc('', Object(Yoast\WP\SEO\Presentations\Indexable_Error_Page_Presentation))
#1 /home/customer/www/vegestar.co.nz/public_html/wp-includes/plugin.php(189): WP_Hook->apply_filters('', Array)
#2 /home/customer/www/vegestar.co.nz/public_html/wp-content/plugins/wordpress-seo/src/presenters/meta-description-presenter.php(60): apply_filters('wpseo_metadesc', '', Object(Yoast\WP\SEO\Presentations\Indexable_Error_Page_Presentation))
#3 /home/customer/www/vegestar.co.nz/public_html/wp-content/plugins/wordpress-seo/src/presenters/abstract-indexable-tag-presenter.php(37): Yoast\WP\SEO\Presenters\Meta_Description_Presenter->get()
#4 /home/customer/www/vegestar.co.nz/public_html/wp-content/plugins/wordpress-seo/src/presenters/meta-description-pres in /home/customer/www/vegestar.co.nz/public_html/wp-content/themes/webduel-theme/functions.php on line 94

2021-10-03T23:37:53+00:00 CRITICAL Uncaught Error: Call to a member function get_description() on string in /home/customer/www/vegestar.co.nz/public_html/wp-content/themes/webduel-theme/functions.php:94
Stack trace:
#0 /home/customer/www/vegestar.co.nz/public_html/wp-includes/class-wp-hook.php(303): change_yoast_desc('', Object(Yoast\WP\SEO\Presentations\Indexable_Error_Page_Presentation))
#1 /home/customer/www/vegestar.co.nz/public_html/wp-includes/plugin.php(189): WP_Hook->apply_filters('', Array)
#2 /home/customer/www/vegestar.co.nz/public_html/wp-content/plugins/wordpress-seo/src/presenters/meta-description-presenter.php(60): apply_filters('wpseo_metadesc', '', Object(Yoast\WP\SEO\Presentations\Indexable_Error_Page_Presentation))
#3 /home/customer/www/vegestar.co.nz/public_html/wp-content/plugins/wordpress-seo/src/presenters/abstract-indexable-tag-presenter.php(37): Yoast\WP\SEO\Presenters\Meta_Description_Presenter->get()
#4 /home/customer/www/vegestar.co.nz/public_html/wp-content/plugins/wordpress-seo/src/presenters/meta-description-pres in /home/customer/www/vegestar.co.nz/public_html/wp-content/themes/webduel-theme/functions.php on line 94

