2021-09-22T14:47:55+00:00 CRITICAL Uncaught Error: Call to a member function get_description() on string in /home/customer/www/vegestar.co.nz/public_html/wp-content/themes/webduel-theme/functions.php:94
Stack trace:
#0 /home/customer/www/vegestar.co.nz/public_html/wp-includes/class-wp-hook.php(303): change_yoast_desc('', Object(Yoast\WP\SEO\Presentations\Indexable_Error_Page_Presentation))
#1 /home/customer/www/vegestar.co.nz/public_html/wp-includes/plugin.php(189): WP_Hook->apply_filters('', Array)
#2 /home/customer/www/vegestar.co.nz/public_html/wp-content/plugins/wordpress-seo/src/presenters/meta-description-presenter.php(60): apply_filters('wpseo_metadesc', '', Object(Yoast\WP\SEO\Presentations\Indexable_Error_Page_Presentation))
#3 /home/customer/www/vegestar.co.nz/public_html/wp-content/plugins/wordpress-seo/src/presenters/abstract-indexable-tag-presenter.php(37): Yoast\WP\SEO\Presenters\Meta_Description_Presenter->get()
#4 /home/customer/www/vegestar.co.nz/public_html/wp-content/plugins/wordpress-seo/src/presenters/meta-description-pres in /home/customer/www/vegestar.co.nz/public_html/wp-content/themes/webduel-theme/functions.php on line 94

2021-09-22T18:15:25+00:00 CRITICAL Uncaught Error: Call to a member function get_description() on string in /home/customer/www/vegestar.co.nz/public_html/wp-content/themes/webduel-theme/functions.php:94
Stack trace:
#0 /home/customer/www/vegestar.co.nz/public_html/wp-includes/class-wp-hook.php(303): change_yoast_desc('', Object(Yoast\WP\SEO\Presentations\Indexable_Error_Page_Presentation))
#1 /home/customer/www/vegestar.co.nz/public_html/wp-includes/plugin.php(189): WP_Hook->apply_filters('', Array)
#2 /home/customer/www/vegestar.co.nz/public_html/wp-content/plugins/wordpress-seo/src/presenters/meta-description-presenter.php(60): apply_filters('wpseo_metadesc', '', Object(Yoast\WP\SEO\Presentations\Indexable_Error_Page_Presentation))
#3 /home/customer/www/vegestar.co.nz/public_html/wp-content/plugins/wordpress-seo/src/presenters/abstract-indexable-tag-presenter.php(37): Yoast\WP\SEO\Presenters\Meta_Description_Presenter->get()
#4 /home/customer/www/vegestar.co.nz/public_html/wp-content/plugins/wordpress-seo/src/presenters/meta-description-pres in /home/customer/www/vegestar.co.nz/public_html/wp-content/themes/webduel-theme/functions.php on line 94

2021-09-22T22:34:06+00:00 CRITICAL Uncaught Error: Call to a member function get_description() on string in /home/customer/www/vegestar.co.nz/public_html/wp-content/themes/webduel-theme/functions.php:94
Stack trace:
#0 /home/customer/www/vegestar.co.nz/public_html/wp-includes/class-wp-hook.php(303): change_yoast_desc('', Object(Yoast\WP\SEO\Presentations\Indexable_Error_Page_Presentation))
#1 /home/customer/www/vegestar.co.nz/public_html/wp-includes/plugin.php(189): WP_Hook->apply_filters('', Array)
#2 /home/customer/www/vegestar.co.nz/public_html/wp-content/plugins/wordpress-seo/src/presenters/meta-description-presenter.php(60): apply_filters('wpseo_metadesc', '', Object(Yoast\WP\SEO\Presentations\Indexable_Error_Page_Presentation))
#3 /home/customer/www/vegestar.co.nz/public_html/wp-content/plugins/wordpress-seo/src/presenters/abstract-indexable-tag-presenter.php(37): Yoast\WP\SEO\Presenters\Meta_Description_Presenter->get()
#4 /home/customer/www/vegestar.co.nz/public_html/wp-content/plugins/wordpress-seo/src/presenters/meta-description-pres in /home/customer/www/vegestar.co.nz/public_html/wp-content/themes/webduel-theme/functions.php on line 94

2021-09-22T22:36:03+00:00 CRITICAL Uncaught Error: Call to a member function get_description() on string in /home/customer/www/vegestar.co.nz/public_html/wp-content/themes/webduel-theme/functions.php:94
Stack trace:
#0 /home/customer/www/vegestar.co.nz/public_html/wp-includes/class-wp-hook.php(303): change_yoast_desc('', Object(Yoast\WP\SEO\Presentations\Indexable_Error_Page_Presentation))
#1 /home/customer/www/vegestar.co.nz/public_html/wp-includes/plugin.php(189): WP_Hook->apply_filters('', Array)
#2 /home/customer/www/vegestar.co.nz/public_html/wp-content/plugins/wordpress-seo/src/presenters/meta-description-presenter.php(60): apply_filters('wpseo_metadesc', '', Object(Yoast\WP\SEO\Presentations\Indexable_Error_Page_Presentation))
#3 /home/customer/www/vegestar.co.nz/public_html/wp-content/plugins/wordpress-seo/src/presenters/abstract-indexable-tag-presenter.php(37): Yoast\WP\SEO\Presenters\Meta_Description_Presenter->get()
#4 /home/customer/www/vegestar.co.nz/public_html/wp-content/plugins/wordpress-seo/src/presenters/meta-description-pres in /home/customer/www/vegestar.co.nz/public_html/wp-content/themes/webduel-theme/functions.php on line 94

2021-09-22T22:36:28+00:00 CRITICAL Uncaught Error: Call to a member function get_description() on string in /home/customer/www/vegestar.co.nz/public_html/wp-content/themes/webduel-theme/functions.php:94
Stack trace:
#0 /home/customer/www/vegestar.co.nz/public_html/wp-includes/class-wp-hook.php(303): change_yoast_desc('', Object(Yoast\WP\SEO\Presentations\Indexable_Error_Page_Presentation))
#1 /home/customer/www/vegestar.co.nz/public_html/wp-includes/plugin.php(189): WP_Hook->apply_filters('', Array)
#2 /home/customer/www/vegestar.co.nz/public_html/wp-content/plugins/wordpress-seo/src/presenters/meta-description-presenter.php(60): apply_filters('wpseo_metadesc', '', Object(Yoast\WP\SEO\Presentations\Indexable_Error_Page_Presentation))
#3 /home/customer/www/vegestar.co.nz/public_html/wp-content/plugins/wordpress-seo/src/presenters/abstract-indexable-tag-presenter.php(37): Yoast\WP\SEO\Presenters\Meta_Description_Presenter->get()
#4 /home/customer/www/vegestar.co.nz/public_html/wp-content/plugins/wordpress-seo/src/presenters/meta-description-pres in /home/customer/www/vegestar.co.nz/public_html/wp-content/themes/webduel-theme/functions.php on line 94

2021-09-22T22:36:57+00:00 CRITICAL Uncaught Error: Call to a member function get_description() on string in /home/customer/www/vegestar.co.nz/public_html/wp-content/themes/webduel-theme/functions.php:94
Stack trace:
#0 /home/customer/www/vegestar.co.nz/public_html/wp-includes/class-wp-hook.php(303): change_yoast_desc('', Object(Yoast\WP\SEO\Presentations\Indexable_Error_Page_Presentation))
#1 /home/customer/www/vegestar.co.nz/public_html/wp-includes/plugin.php(189): WP_Hook->apply_filters('', Array)
#2 /home/customer/www/vegestar.co.nz/public_html/wp-content/plugins/wordpress-seo/src/presenters/meta-description-presenter.php(60): apply_filters('wpseo_metadesc', '', Object(Yoast\WP\SEO\Presentations\Indexable_Error_Page_Presentation))
#3 /home/customer/www/vegestar.co.nz/public_html/wp-content/plugins/wordpress-seo/src/presenters/abstract-indexable-tag-presenter.php(37): Yoast\WP\SEO\Presenters\Meta_Description_Presenter->get()
#4 /home/customer/www/vegestar.co.nz/public_html/wp-content/plugins/wordpress-seo/src/presenters/meta-description-pres in /home/customer/www/vegestar.co.nz/public_html/wp-content/themes/webduel-theme/functions.php on line 94

2021-09-22T22:38:59+00:00 CRITICAL Uncaught Error: Call to a member function get_description() on string in /home/customer/www/vegestar.co.nz/public_html/wp-content/themes/webduel-theme/functions.php:94
Stack trace:
#0 /home/customer/www/vegestar.co.nz/public_html/wp-includes/class-wp-hook.php(303): change_yoast_desc('', Object(Yoast\WP\SEO\Presentations\Indexable_Error_Page_Presentation))
#1 /home/customer/www/vegestar.co.nz/public_html/wp-includes/plugin.php(189): WP_Hook->apply_filters('', Array)
#2 /home/customer/www/vegestar.co.nz/public_html/wp-content/plugins/wordpress-seo/src/presenters/meta-description-presenter.php(60): apply_filters('wpseo_metadesc', '', Object(Yoast\WP\SEO\Presentations\Indexable_Error_Page_Presentation))
#3 /home/customer/www/vegestar.co.nz/public_html/wp-content/plugins/wordpress-seo/src/presenters/abstract-indexable-tag-presenter.php(37): Yoast\WP\SEO\Presenters\Meta_Description_Presenter->get()
#4 /home/customer/www/vegestar.co.nz/public_html/wp-content/plugins/wordpress-seo/src/presenters/meta-description-pres in /home/customer/www/vegestar.co.nz/public_html/wp-content/themes/webduel-theme/functions.php on line 94

2021-09-22T22:44:17+00:00 CRITICAL Uncaught Error: Call to a member function get_description() on string in /home/customer/www/vegestar.co.nz/public_html/wp-content/themes/webduel-theme/functions.php:94
Stack trace:
#0 /home/customer/www/vegestar.co.nz/public_html/wp-includes/class-wp-hook.php(303): change_yoast_desc('', Object(Yoast\WP\SEO\Presentations\Indexable_Error_Page_Presentation))
#1 /home/customer/www/vegestar.co.nz/public_html/wp-includes/plugin.php(189): WP_Hook->apply_filters('', Array)
#2 /home/customer/www/vegestar.co.nz/public_html/wp-content/plugins/wordpress-seo/src/presenters/meta-description-presenter.php(60): apply_filters('wpseo_metadesc', '', Object(Yoast\WP\SEO\Presentations\Indexable_Error_Page_Presentation))
#3 /home/customer/www/vegestar.co.nz/public_html/wp-content/plugins/wordpress-seo/src/presenters/abstract-indexable-tag-presenter.php(37): Yoast\WP\SEO\Presenters\Meta_Description_Presenter->get()
#4 /home/customer/www/vegestar.co.nz/public_html/wp-content/plugins/wordpress-seo/src/presenters/meta-description-pres in /home/customer/www/vegestar.co.nz/public_html/wp-content/themes/webduel-theme/functions.php on line 94

2021-09-22T22:45:53+00:00 CRITICAL Uncaught Error: Call to a member function get_description() on string in /home/customer/www/vegestar.co.nz/public_html/wp-content/themes/webduel-theme/functions.php:94
Stack trace:
#0 /home/customer/www/vegestar.co.nz/public_html/wp-includes/class-wp-hook.php(303): change_yoast_desc('', Object(Yoast\WP\SEO\Presentations\Indexable_Error_Page_Presentation))
#1 /home/customer/www/vegestar.co.nz/public_html/wp-includes/plugin.php(189): WP_Hook->apply_filters('', Array)
#2 /home/customer/www/vegestar.co.nz/public_html/wp-content/plugins/wordpress-seo/src/presenters/meta-description-presenter.php(60): apply_filters('wpseo_metadesc', '', Object(Yoast\WP\SEO\Presentations\Indexable_Error_Page_Presentation))
#3 /home/customer/www/vegestar.co.nz/public_html/wp-content/plugins/wordpress-seo/src/presenters/abstract-indexable-tag-presenter.php(37): Yoast\WP\SEO\Presenters\Meta_Description_Presenter->get()
#4 /home/customer/www/vegestar.co.nz/public_html/wp-content/plugins/wordpress-seo/src/presenters/meta-description-pres in /home/customer/www/vegestar.co.nz/public_html/wp-content/themes/webduel-theme/functions.php on line 94

2021-09-22T22:50:12+00:00 CRITICAL Uncaught Error: Call to a member function get_description() on string in /home/customer/www/vegestar.co.nz/public_html/wp-content/themes/webduel-theme/functions.php:94
Stack trace:
#0 /home/customer/www/vegestar.co.nz/public_html/wp-includes/class-wp-hook.php(303): change_yoast_desc('', Object(Yoast\WP\SEO\Presentations\Indexable_Error_Page_Presentation))
#1 /home/customer/www/vegestar.co.nz/public_html/wp-includes/plugin.php(189): WP_Hook->apply_filters('', Array)
#2 /home/customer/www/vegestar.co.nz/public_html/wp-content/plugins/wordpress-seo/src/presenters/meta-description-presenter.php(60): apply_filters('wpseo_metadesc', '', Object(Yoast\WP\SEO\Presentations\Indexable_Error_Page_Presentation))
#3 /home/customer/www/vegestar.co.nz/public_html/wp-content/plugins/wordpress-seo/src/presenters/abstract-indexable-tag-presenter.php(37): Yoast\WP\SEO\Presenters\Meta_Description_Presenter->get()
#4 /home/customer/www/vegestar.co.nz/public_html/wp-content/plugins/wordpress-seo/src/presenters/meta-description-pres in /home/customer/www/vegestar.co.nz/public_html/wp-content/themes/webduel-theme/functions.php on line 94

2021-09-22T22:53:46+00:00 CRITICAL Uncaught Error: Call to a member function get_description() on string in /home/customer/www/vegestar.co.nz/public_html/wp-content/themes/webduel-theme/functions.php:94
Stack trace:
#0 /home/customer/www/vegestar.co.nz/public_html/wp-includes/class-wp-hook.php(303): change_yoast_desc('', Object(Yoast\WP\SEO\Presentations\Indexable_Error_Page_Presentation))
#1 /home/customer/www/vegestar.co.nz/public_html/wp-includes/plugin.php(189): WP_Hook->apply_filters('', Array)
#2 /home/customer/www/vegestar.co.nz/public_html/wp-content/plugins/wordpress-seo/src/presenters/meta-description-presenter.php(60): apply_filters('wpseo_metadesc', '', Object(Yoast\WP\SEO\Presentations\Indexable_Error_Page_Presentation))
#3 /home/customer/www/vegestar.co.nz/public_html/wp-content/plugins/wordpress-seo/src/presenters/abstract-indexable-tag-presenter.php(37): Yoast\WP\SEO\Presenters\Meta_Description_Presenter->get()
#4 /home/customer/www/vegestar.co.nz/public_html/wp-content/plugins/wordpress-seo/src/presenters/meta-description-pres in /home/customer/www/vegestar.co.nz/public_html/wp-content/themes/webduel-theme/functions.php on line 94

2021-09-22T22:54:03+00:00 CRITICAL Uncaught Error: Call to a member function get_description() on string in /home/customer/www/vegestar.co.nz/public_html/wp-content/themes/webduel-theme/functions.php:94
Stack trace:
#0 /home/customer/www/vegestar.co.nz/public_html/wp-includes/class-wp-hook.php(303): change_yoast_desc('', Object(Yoast\WP\SEO\Presentations\Indexable_Error_Page_Presentation))
#1 /home/customer/www/vegestar.co.nz/public_html/wp-includes/plugin.php(189): WP_Hook->apply_filters('', Array)
#2 /home/customer/www/vegestar.co.nz/public_html/wp-content/plugins/wordpress-seo/src/presenters/meta-description-presenter.php(60): apply_filters('wpseo_metadesc', '', Object(Yoast\WP\SEO\Presentations\Indexable_Error_Page_Presentation))
#3 /home/customer/www/vegestar.co.nz/public_html/wp-content/plugins/wordpress-seo/src/presenters/abstract-indexable-tag-presenter.php(37): Yoast\WP\SEO\Presenters\Meta_Description_Presenter->get()
#4 /home/customer/www/vegestar.co.nz/public_html/wp-content/plugins/wordpress-seo/src/presenters/meta-description-pres in /home/customer/www/vegestar.co.nz/public_html/wp-content/themes/webduel-theme/functions.php on line 94

2021-09-22T22:54:19+00:00 CRITICAL Uncaught Error: Call to a member function get_description() on string in /home/customer/www/vegestar.co.nz/public_html/wp-content/themes/webduel-theme/functions.php:94
Stack trace:
#0 /home/customer/www/vegestar.co.nz/public_html/wp-includes/class-wp-hook.php(303): change_yoast_desc('', Object(Yoast\WP\SEO\Presentations\Indexable_Error_Page_Presentation))
#1 /home/customer/www/vegestar.co.nz/public_html/wp-includes/plugin.php(189): WP_Hook->apply_filters('', Array)
#2 /home/customer/www/vegestar.co.nz/public_html/wp-content/plugins/wordpress-seo/src/presenters/meta-description-presenter.php(60): apply_filters('wpseo_metadesc', '', Object(Yoast\WP\SEO\Presentations\Indexable_Error_Page_Presentation))
#3 /home/customer/www/vegestar.co.nz/public_html/wp-content/plugins/wordpress-seo/src/presenters/abstract-indexable-tag-presenter.php(37): Yoast\WP\SEO\Presenters\Meta_Description_Presenter->get()
#4 /home/customer/www/vegestar.co.nz/public_html/wp-content/plugins/wordpress-seo/src/presenters/meta-description-pres in /home/customer/www/vegestar.co.nz/public_html/wp-content/themes/webduel-theme/functions.php on line 94

2021-09-22T22:54:35+00:00 CRITICAL Uncaught Error: Call to a member function get_description() on string in /home/customer/www/vegestar.co.nz/public_html/wp-content/themes/webduel-theme/functions.php:94
Stack trace:
#0 /home/customer/www/vegestar.co.nz/public_html/wp-includes/class-wp-hook.php(303): change_yoast_desc('', Object(Yoast\WP\SEO\Presentations\Indexable_Error_Page_Presentation))
#1 /home/customer/www/vegestar.co.nz/public_html/wp-includes/plugin.php(189): WP_Hook->apply_filters('', Array)
#2 /home/customer/www/vegestar.co.nz/public_html/wp-content/plugins/wordpress-seo/src/presenters/meta-description-presenter.php(60): apply_filters('wpseo_metadesc', '', Object(Yoast\WP\SEO\Presentations\Indexable_Error_Page_Presentation))
#3 /home/customer/www/vegestar.co.nz/public_html/wp-content/plugins/wordpress-seo/src/presenters/abstract-indexable-tag-presenter.php(37): Yoast\WP\SEO\Presenters\Meta_Description_Presenter->get()
#4 /home/customer/www/vegestar.co.nz/public_html/wp-content/plugins/wordpress-seo/src/presenters/meta-description-pres in /home/customer/www/vegestar.co.nz/public_html/wp-content/themes/webduel-theme/functions.php on line 94

2021-09-22T22:56:39+00:00 CRITICAL Uncaught Error: Call to a member function get_description() on string in /home/customer/www/vegestar.co.nz/public_html/wp-content/themes/webduel-theme/functions.php:94
Stack trace:
#0 /home/customer/www/vegestar.co.nz/public_html/wp-includes/class-wp-hook.php(303): change_yoast_desc('', Object(Yoast\WP\SEO\Presentations\Indexable_Error_Page_Presentation))
#1 /home/customer/www/vegestar.co.nz/public_html/wp-includes/plugin.php(189): WP_Hook->apply_filters('', Array)
#2 /home/customer/www/vegestar.co.nz/public_html/wp-content/plugins/wordpress-seo/src/presenters/meta-description-presenter.php(60): apply_filters('wpseo_metadesc', '', Object(Yoast\WP\SEO\Presentations\Indexable_Error_Page_Presentation))
#3 /home/customer/www/vegestar.co.nz/public_html/wp-content/plugins/wordpress-seo/src/presenters/abstract-indexable-tag-presenter.php(37): Yoast\WP\SEO\Presenters\Meta_Description_Presenter->get()
#4 /home/customer/www/vegestar.co.nz/public_html/wp-content/plugins/wordpress-seo/src/presenters/meta-description-pres in /home/customer/www/vegestar.co.nz/public_html/wp-content/themes/webduel-theme/functions.php on line 94

2021-09-22T23:15:07+00:00 CRITICAL Uncaught Error: Call to a member function get_description() on string in /home/customer/www/vegestar.co.nz/public_html/wp-content/themes/webduel-theme/functions.php:94
Stack trace:
#0 /home/customer/www/vegestar.co.nz/public_html/wp-includes/class-wp-hook.php(303): change_yoast_desc('', Object(Yoast\WP\SEO\Presentations\Indexable_Error_Page_Presentation))
#1 /home/customer/www/vegestar.co.nz/public_html/wp-includes/plugin.php(189): WP_Hook->apply_filters('', Array)
#2 /home/customer/www/vegestar.co.nz/public_html/wp-content/plugins/wordpress-seo/src/presenters/meta-description-presenter.php(60): apply_filters('wpseo_metadesc', '', Object(Yoast\WP\SEO\Presentations\Indexable_Error_Page_Presentation))
#3 /home/customer/www/vegestar.co.nz/public_html/wp-content/plugins/wordpress-seo/src/presenters/abstract-indexable-tag-presenter.php(37): Yoast\WP\SEO\Presenters\Meta_Description_Presenter->get()
#4 /home/customer/www/vegestar.co.nz/public_html/wp-content/plugins/wordpress-seo/src/presenters/meta-description-pres in /home/customer/www/vegestar.co.nz/public_html/wp-content/themes/webduel-theme/functions.php on line 94

2021-09-22T23:19:14+00:00 CRITICAL Uncaught Error: Call to a member function get_description() on string in /home/customer/www/vegestar.co.nz/public_html/wp-content/themes/webduel-theme/functions.php:94
Stack trace:
#0 /home/customer/www/vegestar.co.nz/public_html/wp-includes/class-wp-hook.php(303): change_yoast_desc('', Object(Yoast\WP\SEO\Presentations\Indexable_Error_Page_Presentation))
#1 /home/customer/www/vegestar.co.nz/public_html/wp-includes/plugin.php(189): WP_Hook->apply_filters('', Array)
#2 /home/customer/www/vegestar.co.nz/public_html/wp-content/plugins/wordpress-seo/src/presenters/meta-description-presenter.php(60): apply_filters('wpseo_metadesc', '', Object(Yoast\WP\SEO\Presentations\Indexable_Error_Page_Presentation))
#3 /home/customer/www/vegestar.co.nz/public_html/wp-content/plugins/wordpress-seo/src/presenters/abstract-indexable-tag-presenter.php(37): Yoast\WP\SEO\Presenters\Meta_Description_Presenter->get()
#4 /home/customer/www/vegestar.co.nz/public_html/wp-content/plugins/wordpress-seo/src/presenters/meta-description-pres in /home/customer/www/vegestar.co.nz/public_html/wp-content/themes/webduel-theme/functions.php on line 94

2021-09-22T23:19:46+00:00 CRITICAL Uncaught Error: Call to a member function get_description() on string in /home/customer/www/vegestar.co.nz/public_html/wp-content/themes/webduel-theme/functions.php:94
Stack trace:
#0 /home/customer/www/vegestar.co.nz/public_html/wp-includes/class-wp-hook.php(303): change_yoast_desc('', Object(Yoast\WP\SEO\Presentations\Indexable_Error_Page_Presentation))
#1 /home/customer/www/vegestar.co.nz/public_html/wp-includes/plugin.php(189): WP_Hook->apply_filters('', Array)
#2 /home/customer/www/vegestar.co.nz/public_html/wp-content/plugins/wordpress-seo/src/presenters/meta-description-presenter.php(60): apply_filters('wpseo_metadesc', '', Object(Yoast\WP\SEO\Presentations\Indexable_Error_Page_Presentation))
#3 /home/customer/www/vegestar.co.nz/public_html/wp-content/plugins/wordpress-seo/src/presenters/abstract-indexable-tag-presenter.php(37): Yoast\WP\SEO\Presenters\Meta_Description_Presenter->get()
#4 /home/customer/www/vegestar.co.nz/public_html/wp-content/plugins/wordpress-seo/src/presenters/meta-description-pres in /home/customer/www/vegestar.co.nz/public_html/wp-content/themes/webduel-theme/functions.php on line 94

2021-09-22T23:20:15+00:00 CRITICAL Uncaught Error: Call to a member function get_description() on string in /home/customer/www/vegestar.co.nz/public_html/wp-content/themes/webduel-theme/functions.php:94
Stack trace:
#0 /home/customer/www/vegestar.co.nz/public_html/wp-includes/class-wp-hook.php(303): change_yoast_desc('', Object(Yoast\WP\SEO\Presentations\Indexable_Error_Page_Presentation))
#1 /home/customer/www/vegestar.co.nz/public_html/wp-includes/plugin.php(189): WP_Hook->apply_filters('', Array)
#2 /home/customer/www/vegestar.co.nz/public_html/wp-content/plugins/wordpress-seo/src/presenters/meta-description-presenter.php(60): apply_filters('wpseo_metadesc', '', Object(Yoast\WP\SEO\Presentations\Indexable_Error_Page_Presentation))
#3 /home/customer/www/vegestar.co.nz/public_html/wp-content/plugins/wordpress-seo/src/presenters/abstract-indexable-tag-presenter.php(37): Yoast\WP\SEO\Presenters\Meta_Description_Presenter->get()
#4 /home/customer/www/vegestar.co.nz/public_html/wp-content/plugins/wordpress-seo/src/presenters/meta-description-pres in /home/customer/www/vegestar.co.nz/public_html/wp-content/themes/webduel-theme/functions.php on line 94

2021-09-22T23:21:52+00:00 CRITICAL Uncaught Error: Call to a member function get_description() on string in /home/customer/www/vegestar.co.nz/public_html/wp-content/themes/webduel-theme/functions.php:94
Stack trace:
#0 /home/customer/www/vegestar.co.nz/public_html/wp-includes/class-wp-hook.php(303): change_yoast_desc('', Object(Yoast\WP\SEO\Presentations\Indexable_Error_Page_Presentation))
#1 /home/customer/www/vegestar.co.nz/public_html/wp-includes/plugin.php(189): WP_Hook->apply_filters('', Array)
#2 /home/customer/www/vegestar.co.nz/public_html/wp-content/plugins/wordpress-seo/src/presenters/meta-description-presenter.php(60): apply_filters('wpseo_metadesc', '', Object(Yoast\WP\SEO\Presentations\Indexable_Error_Page_Presentation))
#3 /home/customer/www/vegestar.co.nz/public_html/wp-content/plugins/wordpress-seo/src/presenters/abstract-indexable-tag-presenter.php(37): Yoast\WP\SEO\Presenters\Meta_Description_Presenter->get()
#4 /home/customer/www/vegestar.co.nz/public_html/wp-content/plugins/wordpress-seo/src/presenters/meta-description-pres in /home/customer/www/vegestar.co.nz/public_html/wp-content/themes/webduel-theme/functions.php on line 94

2021-09-22T23:22:42+00:00 CRITICAL Uncaught Error: Call to a member function get_description() on string in /home/customer/www/vegestar.co.nz/public_html/wp-content/themes/webduel-theme/functions.php:94
Stack trace:
#0 /home/customer/www/vegestar.co.nz/public_html/wp-includes/class-wp-hook.php(303): change_yoast_desc('', Object(Yoast\WP\SEO\Presentations\Indexable_Error_Page_Presentation))
#1 /home/customer/www/vegestar.co.nz/public_html/wp-includes/plugin.php(189): WP_Hook->apply_filters('', Array)
#2 /home/customer/www/vegestar.co.nz/public_html/wp-content/plugins/wordpress-seo/src/presenters/meta-description-presenter.php(60): apply_filters('wpseo_metadesc', '', Object(Yoast\WP\SEO\Presentations\Indexable_Error_Page_Presentation))
#3 /home/customer/www/vegestar.co.nz/public_html/wp-content/plugins/wordpress-seo/src/presenters/abstract-indexable-tag-presenter.php(37): Yoast\WP\SEO\Presenters\Meta_Description_Presenter->get()
#4 /home/customer/www/vegestar.co.nz/public_html/wp-content/plugins/wordpress-seo/src/presenters/meta-description-pres in /home/customer/www/vegestar.co.nz/public_html/wp-content/themes/webduel-theme/functions.php on line 94

2021-09-22T23:23:09+00:00 CRITICAL Uncaught Error: Call to a member function get_description() on string in /home/customer/www/vegestar.co.nz/public_html/wp-content/themes/webduel-theme/functions.php:94
Stack trace:
#0 /home/customer/www/vegestar.co.nz/public_html/wp-includes/class-wp-hook.php(303): change_yoast_desc('', Object(Yoast\WP\SEO\Presentations\Indexable_Error_Page_Presentation))
#1 /home/customer/www/vegestar.co.nz/public_html/wp-includes/plugin.php(189): WP_Hook->apply_filters('', Array)
#2 /home/customer/www/vegestar.co.nz/public_html/wp-content/plugins/wordpress-seo/src/presenters/meta-description-presenter.php(60): apply_filters('wpseo_metadesc', '', Object(Yoast\WP\SEO\Presentations\Indexable_Error_Page_Presentation))
#3 /home/customer/www/vegestar.co.nz/public_html/wp-content/plugins/wordpress-seo/src/presenters/abstract-indexable-tag-presenter.php(37): Yoast\WP\SEO\Presenters\Meta_Description_Presenter->get()
#4 /home/customer/www/vegestar.co.nz/public_html/wp-content/plugins/wordpress-seo/src/presenters/meta-description-pres in /home/customer/www/vegestar.co.nz/public_html/wp-content/themes/webduel-theme/functions.php on line 94

2021-09-22T23:23:43+00:00 CRITICAL Uncaught Error: Call to a member function get_description() on string in /home/customer/www/vegestar.co.nz/public_html/wp-content/themes/webduel-theme/functions.php:94
Stack trace:
#0 /home/customer/www/vegestar.co.nz/public_html/wp-includes/class-wp-hook.php(303): change_yoast_desc('', Object(Yoast\WP\SEO\Presentations\Indexable_Error_Page_Presentation))
#1 /home/customer/www/vegestar.co.nz/public_html/wp-includes/plugin.php(189): WP_Hook->apply_filters('', Array)
#2 /home/customer/www/vegestar.co.nz/public_html/wp-content/plugins/wordpress-seo/src/presenters/meta-description-presenter.php(60): apply_filters('wpseo_metadesc', '', Object(Yoast\WP\SEO\Presentations\Indexable_Error_Page_Presentation))
#3 /home/customer/www/vegestar.co.nz/public_html/wp-content/plugins/wordpress-seo/src/presenters/abstract-indexable-tag-presenter.php(37): Yoast\WP\SEO\Presenters\Meta_Description_Presenter->get()
#4 /home/customer/www/vegestar.co.nz/public_html/wp-content/plugins/wordpress-seo/src/presenters/meta-description-pres in /home/customer/www/vegestar.co.nz/public_html/wp-content/themes/webduel-theme/functions.php on line 94

2021-09-22T23:25:54+00:00 CRITICAL Uncaught Error: Call to a member function get_description() on string in /home/customer/www/vegestar.co.nz/public_html/wp-content/themes/webduel-theme/functions.php:94
Stack trace:
#0 /home/customer/www/vegestar.co.nz/public_html/wp-includes/class-wp-hook.php(303): change_yoast_desc('', Object(Yoast\WP\SEO\Presentations\Indexable_Error_Page_Presentation))
#1 /home/customer/www/vegestar.co.nz/public_html/wp-includes/plugin.php(189): WP_Hook->apply_filters('', Array)
#2 /home/customer/www/vegestar.co.nz/public_html/wp-content/plugins/wordpress-seo/src/presenters/meta-description-presenter.php(60): apply_filters('wpseo_metadesc', '', Object(Yoast\WP\SEO\Presentations\Indexable_Error_Page_Presentation))
#3 /home/customer/www/vegestar.co.nz/public_html/wp-content/plugins/wordpress-seo/src/presenters/abstract-indexable-tag-presenter.php(37): Yoast\WP\SEO\Presenters\Meta_Description_Presenter->get()
#4 /home/customer/www/vegestar.co.nz/public_html/wp-content/plugins/wordpress-seo/src/presenters/meta-description-pres in /home/customer/www/vegestar.co.nz/public_html/wp-content/themes/webduel-theme/functions.php on line 94

2021-09-22T23:30:25+00:00 CRITICAL Uncaught Error: Call to a member function get_description() on string in /home/customer/www/vegestar.co.nz/public_html/wp-content/themes/webduel-theme/functions.php:94
Stack trace:
#0 /home/customer/www/vegestar.co.nz/public_html/wp-includes/class-wp-hook.php(303): change_yoast_desc('', Object(Yoast\WP\SEO\Presentations\Indexable_Error_Page_Presentation))
#1 /home/customer/www/vegestar.co.nz/public_html/wp-includes/plugin.php(189): WP_Hook->apply_filters('', Array)
#2 /home/customer/www/vegestar.co.nz/public_html/wp-content/plugins/wordpress-seo/src/presenters/meta-description-presenter.php(60): apply_filters('wpseo_metadesc', '', Object(Yoast\WP\SEO\Presentations\Indexable_Error_Page_Presentation))
#3 /home/customer/www/vegestar.co.nz/public_html/wp-content/plugins/wordpress-seo/src/presenters/abstract-indexable-tag-presenter.php(37): Yoast\WP\SEO\Presenters\Meta_Description_Presenter->get()
#4 /home/customer/www/vegestar.co.nz/public_html/wp-content/plugins/wordpress-seo/src/presenters/meta-description-pres in /home/customer/www/vegestar.co.nz/public_html/wp-content/themes/webduel-theme/functions.php on line 94

2021-09-22T23:37:08+00:00 CRITICAL Uncaught Error: Call to a member function get_description() on string in /home/customer/www/vegestar.co.nz/public_html/wp-content/themes/webduel-theme/functions.php:94
Stack trace:
#0 /home/customer/www/vegestar.co.nz/public_html/wp-includes/class-wp-hook.php(303): change_yoast_desc('', Object(Yoast\WP\SEO\Presentations\Indexable_Error_Page_Presentation))
#1 /home/customer/www/vegestar.co.nz/public_html/wp-includes/plugin.php(189): WP_Hook->apply_filters('', Array)
#2 /home/customer/www/vegestar.co.nz/public_html/wp-content/plugins/wordpress-seo/src/presenters/meta-description-presenter.php(60): apply_filters('wpseo_metadesc', '', Object(Yoast\WP\SEO\Presentations\Indexable_Error_Page_Presentation))
#3 /home/customer/www/vegestar.co.nz/public_html/wp-content/plugins/wordpress-seo/src/presenters/abstract-indexable-tag-presenter.php(37): Yoast\WP\SEO\Presenters\Meta_Description_Presenter->get()
#4 /home/customer/www/vegestar.co.nz/public_html/wp-content/plugins/wordpress-seo/src/presenters/meta-description-pres in /home/customer/www/vegestar.co.nz/public_html/wp-content/themes/webduel-theme/functions.php on line 94

