2021-09-26T02:11:44+00:00 CRITICAL Uncaught Error: Call to a member function get_description() on string in /home/customer/www/vegestar.co.nz/public_html/wp-content/themes/webduel-theme/functions.php:94
Stack trace:
#0 /home/customer/www/vegestar.co.nz/public_html/wp-includes/class-wp-hook.php(303): change_yoast_desc('', Object(Yoast\WP\SEO\Presentations\Indexable_Error_Page_Presentation))
#1 /home/customer/www/vegestar.co.nz/public_html/wp-includes/plugin.php(189): WP_Hook->apply_filters('', Array)
#2 /home/customer/www/vegestar.co.nz/public_html/wp-content/plugins/wordpress-seo/src/presenters/meta-description-presenter.php(60): apply_filters('wpseo_metadesc', '', Object(Yoast\WP\SEO\Presentations\Indexable_Error_Page_Presentation))
#3 /home/customer/www/vegestar.co.nz/public_html/wp-content/plugins/wordpress-seo/src/presenters/abstract-indexable-tag-presenter.php(37): Yoast\WP\SEO\Presenters\Meta_Description_Presenter->get()
#4 /home/customer/www/vegestar.co.nz/public_html/wp-content/plugins/wordpress-seo/src/presenters/meta-description-pres in /home/customer/www/vegestar.co.nz/public_html/wp-content/themes/webduel-theme/functions.php on line 94

2021-09-26T04:50:56+00:00 CRITICAL Uncaught Error: Call to a member function get_description() on string in /home/customer/www/vegestar.co.nz/public_html/wp-content/themes/webduel-theme/functions.php:94
Stack trace:
#0 /home/customer/www/vegestar.co.nz/public_html/wp-includes/class-wp-hook.php(303): change_yoast_desc('', Object(Yoast\WP\SEO\Presentations\Indexable_Error_Page_Presentation))
#1 /home/customer/www/vegestar.co.nz/public_html/wp-includes/plugin.php(189): WP_Hook->apply_filters('', Array)
#2 /home/customer/www/vegestar.co.nz/public_html/wp-content/plugins/wordpress-seo/src/presenters/meta-description-presenter.php(60): apply_filters('wpseo_metadesc', '', Object(Yoast\WP\SEO\Presentations\Indexable_Error_Page_Presentation))
#3 /home/customer/www/vegestar.co.nz/public_html/wp-content/plugins/wordpress-seo/src/presenters/abstract-indexable-tag-presenter.php(37): Yoast\WP\SEO\Presenters\Meta_Description_Presenter->get()
#4 /home/customer/www/vegestar.co.nz/public_html/wp-content/plugins/wordpress-seo/src/presenters/meta-description-pres in /home/customer/www/vegestar.co.nz/public_html/wp-content/themes/webduel-theme/functions.php on line 94

2021-09-26T06:11:30+00:00 CRITICAL Uncaught Error: Call to a member function get_description() on string in /home/customer/www/vegestar.co.nz/public_html/wp-content/themes/webduel-theme/functions.php:94
Stack trace:
#0 /home/customer/www/vegestar.co.nz/public_html/wp-includes/class-wp-hook.php(303): change_yoast_desc('', Object(Yoast\WP\SEO\Presentations\Indexable_Error_Page_Presentation))
#1 /home/customer/www/vegestar.co.nz/public_html/wp-includes/plugin.php(189): WP_Hook->apply_filters('', Array)
#2 /home/customer/www/vegestar.co.nz/public_html/wp-content/plugins/wordpress-seo/src/presenters/meta-description-presenter.php(60): apply_filters('wpseo_metadesc', '', Object(Yoast\WP\SEO\Presentations\Indexable_Error_Page_Presentation))
#3 /home/customer/www/vegestar.co.nz/public_html/wp-content/plugins/wordpress-seo/src/presenters/abstract-indexable-tag-presenter.php(37): Yoast\WP\SEO\Presenters\Meta_Description_Presenter->get()
#4 /home/customer/www/vegestar.co.nz/public_html/wp-content/plugins/wordpress-seo/src/presenters/meta-description-pres in /home/customer/www/vegestar.co.nz/public_html/wp-content/themes/webduel-theme/functions.php on line 94

2021-09-26T09:30:17+00:00 CRITICAL Uncaught Error: Call to a member function get_description() on string in /home/customer/www/vegestar.co.nz/public_html/wp-content/themes/webduel-theme/functions.php:94
Stack trace:
#0 /home/customer/www/vegestar.co.nz/public_html/wp-includes/class-wp-hook.php(303): change_yoast_desc('', Object(Yoast\WP\SEO\Presentations\Indexable_Error_Page_Presentation))
#1 /home/customer/www/vegestar.co.nz/public_html/wp-includes/plugin.php(189): WP_Hook->apply_filters('', Array)
#2 /home/customer/www/vegestar.co.nz/public_html/wp-content/plugins/wordpress-seo/src/presenters/meta-description-presenter.php(60): apply_filters('wpseo_metadesc', '', Object(Yoast\WP\SEO\Presentations\Indexable_Error_Page_Presentation))
#3 /home/customer/www/vegestar.co.nz/public_html/wp-content/plugins/wordpress-seo/src/presenters/abstract-indexable-tag-presenter.php(37): Yoast\WP\SEO\Presenters\Meta_Description_Presenter->get()
#4 /home/customer/www/vegestar.co.nz/public_html/wp-content/plugins/wordpress-seo/src/presenters/meta-description-pres in /home/customer/www/vegestar.co.nz/public_html/wp-content/themes/webduel-theme/functions.php on line 94

2021-09-26T11:12:31+00:00 CRITICAL Uncaught Error: Call to a member function get_description() on string in /home/customer/www/vegestar.co.nz/public_html/wp-content/themes/webduel-theme/functions.php:94
Stack trace:
#0 /home/customer/www/vegestar.co.nz/public_html/wp-includes/class-wp-hook.php(303): change_yoast_desc('', Object(Yoast\WP\SEO\Presentations\Indexable_Error_Page_Presentation))
#1 /home/customer/www/vegestar.co.nz/public_html/wp-includes/plugin.php(189): WP_Hook->apply_filters('', Array)
#2 /home/customer/www/vegestar.co.nz/public_html/wp-content/plugins/wordpress-seo/src/presenters/meta-description-presenter.php(60): apply_filters('wpseo_metadesc', '', Object(Yoast\WP\SEO\Presentations\Indexable_Error_Page_Presentation))
#3 /home/customer/www/vegestar.co.nz/public_html/wp-content/plugins/wordpress-seo/src/presenters/abstract-indexable-tag-presenter.php(37): Yoast\WP\SEO\Presenters\Meta_Description_Presenter->get()
#4 /home/customer/www/vegestar.co.nz/public_html/wp-content/plugins/wordpress-seo/src/presenters/meta-description-pres in /home/customer/www/vegestar.co.nz/public_html/wp-content/themes/webduel-theme/functions.php on line 94

2021-09-26T11:12:34+00:00 CRITICAL Uncaught Error: Call to a member function get_description() on string in /home/customer/www/vegestar.co.nz/public_html/wp-content/themes/webduel-theme/functions.php:94
Stack trace:
#0 /home/customer/www/vegestar.co.nz/public_html/wp-includes/class-wp-hook.php(303): change_yoast_desc('', Object(Yoast\WP\SEO\Presentations\Indexable_Error_Page_Presentation))
#1 /home/customer/www/vegestar.co.nz/public_html/wp-includes/plugin.php(189): WP_Hook->apply_filters('', Array)
#2 /home/customer/www/vegestar.co.nz/public_html/wp-content/plugins/wordpress-seo/src/presenters/meta-description-presenter.php(60): apply_filters('wpseo_metadesc', '', Object(Yoast\WP\SEO\Presentations\Indexable_Error_Page_Presentation))
#3 /home/customer/www/vegestar.co.nz/public_html/wp-content/plugins/wordpress-seo/src/presenters/abstract-indexable-tag-presenter.php(37): Yoast\WP\SEO\Presenters\Meta_Description_Presenter->get()
#4 /home/customer/www/vegestar.co.nz/public_html/wp-content/plugins/wordpress-seo/src/presenters/meta-description-pres in /home/customer/www/vegestar.co.nz/public_html/wp-content/themes/webduel-theme/functions.php on line 94

2021-09-26T11:12:49+00:00 CRITICAL Uncaught Error: Call to a member function get_description() on string in /home/customer/www/vegestar.co.nz/public_html/wp-content/themes/webduel-theme/functions.php:94
Stack trace:
#0 /home/customer/www/vegestar.co.nz/public_html/wp-includes/class-wp-hook.php(303): change_yoast_desc('', Object(Yoast\WP\SEO\Presentations\Indexable_Error_Page_Presentation))
#1 /home/customer/www/vegestar.co.nz/public_html/wp-includes/plugin.php(189): WP_Hook->apply_filters('', Array)
#2 /home/customer/www/vegestar.co.nz/public_html/wp-content/plugins/wordpress-seo/src/presenters/meta-description-presenter.php(60): apply_filters('wpseo_metadesc', '', Object(Yoast\WP\SEO\Presentations\Indexable_Error_Page_Presentation))
#3 /home/customer/www/vegestar.co.nz/public_html/wp-content/plugins/wordpress-seo/src/presenters/abstract-indexable-tag-presenter.php(37): Yoast\WP\SEO\Presenters\Meta_Description_Presenter->get()
#4 /home/customer/www/vegestar.co.nz/public_html/wp-content/plugins/wordpress-seo/src/presenters/meta-description-pres in /home/customer/www/vegestar.co.nz/public_html/wp-content/themes/webduel-theme/functions.php on line 94

2021-09-26T11:12:49+00:00 CRITICAL Uncaught Error: Call to a member function get_description() on string in /home/customer/www/vegestar.co.nz/public_html/wp-content/themes/webduel-theme/functions.php:94
Stack trace:
#0 /home/customer/www/vegestar.co.nz/public_html/wp-includes/class-wp-hook.php(303): change_yoast_desc('', Object(Yoast\WP\SEO\Presentations\Indexable_Error_Page_Presentation))
#1 /home/customer/www/vegestar.co.nz/public_html/wp-includes/plugin.php(189): WP_Hook->apply_filters('', Array)
#2 /home/customer/www/vegestar.co.nz/public_html/wp-content/plugins/wordpress-seo/src/presenters/meta-description-presenter.php(60): apply_filters('wpseo_metadesc', '', Object(Yoast\WP\SEO\Presentations\Indexable_Error_Page_Presentation))
#3 /home/customer/www/vegestar.co.nz/public_html/wp-content/plugins/wordpress-seo/src/presenters/abstract-indexable-tag-presenter.php(37): Yoast\WP\SEO\Presenters\Meta_Description_Presenter->get()
#4 /home/customer/www/vegestar.co.nz/public_html/wp-content/plugins/wordpress-seo/src/presenters/meta-description-pres in /home/customer/www/vegestar.co.nz/public_html/wp-content/themes/webduel-theme/functions.php on line 94

2021-09-26T11:13:07+00:00 CRITICAL Uncaught Error: Call to a member function get_description() on string in /home/customer/www/vegestar.co.nz/public_html/wp-content/themes/webduel-theme/functions.php:94
Stack trace:
#0 /home/customer/www/vegestar.co.nz/public_html/wp-includes/class-wp-hook.php(303): change_yoast_desc('', Object(Yoast\WP\SEO\Presentations\Indexable_Error_Page_Presentation))
#1 /home/customer/www/vegestar.co.nz/public_html/wp-includes/plugin.php(189): WP_Hook->apply_filters('', Array)
#2 /home/customer/www/vegestar.co.nz/public_html/wp-content/plugins/wordpress-seo/src/presenters/meta-description-presenter.php(60): apply_filters('wpseo_metadesc', '', Object(Yoast\WP\SEO\Presentations\Indexable_Error_Page_Presentation))
#3 /home/customer/www/vegestar.co.nz/public_html/wp-content/plugins/wordpress-seo/src/presenters/abstract-indexable-tag-presenter.php(37): Yoast\WP\SEO\Presenters\Meta_Description_Presenter->get()
#4 /home/customer/www/vegestar.co.nz/public_html/wp-content/plugins/wordpress-seo/src/presenters/meta-description-pres in /home/customer/www/vegestar.co.nz/public_html/wp-content/themes/webduel-theme/functions.php on line 94

2021-09-26T16:22:49+00:00 CRITICAL Uncaught Error: Call to a member function get_description() on string in /home/customer/www/vegestar.co.nz/public_html/wp-content/themes/webduel-theme/functions.php:94
Stack trace:
#0 /home/customer/www/vegestar.co.nz/public_html/wp-includes/class-wp-hook.php(303): change_yoast_desc('', Object(Yoast\WP\SEO\Presentations\Indexable_Error_Page_Presentation))
#1 /home/customer/www/vegestar.co.nz/public_html/wp-includes/plugin.php(189): WP_Hook->apply_filters('', Array)
#2 /home/customer/www/vegestar.co.nz/public_html/wp-content/plugins/wordpress-seo/src/presenters/meta-description-presenter.php(60): apply_filters('wpseo_metadesc', '', Object(Yoast\WP\SEO\Presentations\Indexable_Error_Page_Presentation))
#3 /home/customer/www/vegestar.co.nz/public_html/wp-content/plugins/wordpress-seo/src/presenters/abstract-indexable-tag-presenter.php(37): Yoast\WP\SEO\Presenters\Meta_Description_Presenter->get()
#4 /home/customer/www/vegestar.co.nz/public_html/wp-content/plugins/wordpress-seo/src/presenters/meta-description-pres in /home/customer/www/vegestar.co.nz/public_html/wp-content/themes/webduel-theme/functions.php on line 94

2021-09-26T16:43:10+00:00 CRITICAL Uncaught Error: Call to a member function get_description() on string in /home/customer/www/vegestar.co.nz/public_html/wp-content/themes/webduel-theme/functions.php:94
Stack trace:
#0 /home/customer/www/vegestar.co.nz/public_html/wp-includes/class-wp-hook.php(303): change_yoast_desc('', Object(Yoast\WP\SEO\Presentations\Indexable_Error_Page_Presentation))
#1 /home/customer/www/vegestar.co.nz/public_html/wp-includes/plugin.php(189): WP_Hook->apply_filters('', Array)
#2 /home/customer/www/vegestar.co.nz/public_html/wp-content/plugins/wordpress-seo/src/presenters/meta-description-presenter.php(60): apply_filters('wpseo_metadesc', '', Object(Yoast\WP\SEO\Presentations\Indexable_Error_Page_Presentation))
#3 /home/customer/www/vegestar.co.nz/public_html/wp-content/plugins/wordpress-seo/src/presenters/abstract-indexable-tag-presenter.php(37): Yoast\WP\SEO\Presenters\Meta_Description_Presenter->get()
#4 /home/customer/www/vegestar.co.nz/public_html/wp-content/plugins/wordpress-seo/src/presenters/meta-description-pres in /home/customer/www/vegestar.co.nz/public_html/wp-content/themes/webduel-theme/functions.php on line 94

2021-09-26T20:29:32+00:00 CRITICAL Uncaught Error: Call to a member function get_description() on string in /home/customer/www/vegestar.co.nz/public_html/wp-content/themes/webduel-theme/functions.php:94
Stack trace:
#0 /home/customer/www/vegestar.co.nz/public_html/wp-includes/class-wp-hook.php(303): change_yoast_desc('', Object(Yoast\WP\SEO\Presentations\Indexable_Error_Page_Presentation))
#1 /home/customer/www/vegestar.co.nz/public_html/wp-includes/plugin.php(189): WP_Hook->apply_filters('', Array)
#2 /home/customer/www/vegestar.co.nz/public_html/wp-content/plugins/wordpress-seo/src/presenters/meta-description-presenter.php(60): apply_filters('wpseo_metadesc', '', Object(Yoast\WP\SEO\Presentations\Indexable_Error_Page_Presentation))
#3 /home/customer/www/vegestar.co.nz/public_html/wp-content/plugins/wordpress-seo/src/presenters/abstract-indexable-tag-presenter.php(37): Yoast\WP\SEO\Presenters\Meta_Description_Presenter->get()
#4 /home/customer/www/vegestar.co.nz/public_html/wp-content/plugins/wordpress-seo/src/presenters/meta-description-pres in /home/customer/www/vegestar.co.nz/public_html/wp-content/themes/webduel-theme/functions.php on line 94

