2021-09-28T06:22:52+00:00 CRITICAL Uncaught Error: Call to a member function get_description() on string in /home/customer/www/vegestar.co.nz/public_html/wp-content/themes/webduel-theme/functions.php:94
Stack trace:
#0 /home/customer/www/vegestar.co.nz/public_html/wp-includes/class-wp-hook.php(303): change_yoast_desc('', Object(Yoast\WP\SEO\Presentations\Indexable_Error_Page_Presentation))
#1 /home/customer/www/vegestar.co.nz/public_html/wp-includes/plugin.php(189): WP_Hook->apply_filters('', Array)
#2 /home/customer/www/vegestar.co.nz/public_html/wp-content/plugins/wordpress-seo/src/presenters/meta-description-presenter.php(60): apply_filters('wpseo_metadesc', '', Object(Yoast\WP\SEO\Presentations\Indexable_Error_Page_Presentation))
#3 /home/customer/www/vegestar.co.nz/public_html/wp-content/plugins/wordpress-seo/src/presenters/abstract-indexable-tag-presenter.php(37): Yoast\WP\SEO\Presenters\Meta_Description_Presenter->get()
#4 /home/customer/www/vegestar.co.nz/public_html/wp-content/plugins/wordpress-seo/src/presenters/meta-description-pres in /home/customer/www/vegestar.co.nz/public_html/wp-content/themes/webduel-theme/functions.php on line 94

2021-09-28T08:37:03+00:00 CRITICAL Uncaught Error: Call to a member function get_description() on string in /home/customer/www/vegestar.co.nz/public_html/wp-content/themes/webduel-theme/functions.php:94
Stack trace:
#0 /home/customer/www/vegestar.co.nz/public_html/wp-includes/class-wp-hook.php(303): change_yoast_desc('', Object(Yoast\WP\SEO\Presentations\Indexable_Error_Page_Presentation))
#1 /home/customer/www/vegestar.co.nz/public_html/wp-includes/plugin.php(189): WP_Hook->apply_filters('', Array)
#2 /home/customer/www/vegestar.co.nz/public_html/wp-content/plugins/wordpress-seo/src/presenters/meta-description-presenter.php(60): apply_filters('wpseo_metadesc', '', Object(Yoast\WP\SEO\Presentations\Indexable_Error_Page_Presentation))
#3 /home/customer/www/vegestar.co.nz/public_html/wp-content/plugins/wordpress-seo/src/presenters/abstract-indexable-tag-presenter.php(37): Yoast\WP\SEO\Presenters\Meta_Description_Presenter->get()
#4 /home/customer/www/vegestar.co.nz/public_html/wp-content/plugins/wordpress-seo/src/presenters/meta-description-pres in /home/customer/www/vegestar.co.nz/public_html/wp-content/themes/webduel-theme/functions.php on line 94

2021-09-28T11:51:19+00:00 CRITICAL Uncaught Error: Call to a member function get_description() on string in /home/customer/www/vegestar.co.nz/public_html/wp-content/themes/webduel-theme/functions.php:94
Stack trace:
#0 /home/customer/www/vegestar.co.nz/public_html/wp-includes/class-wp-hook.php(303): change_yoast_desc('', Object(Yoast\WP\SEO\Presentations\Indexable_Error_Page_Presentation))
#1 /home/customer/www/vegestar.co.nz/public_html/wp-includes/plugin.php(189): WP_Hook->apply_filters('', Array)
#2 /home/customer/www/vegestar.co.nz/public_html/wp-content/plugins/wordpress-seo/src/presenters/meta-description-presenter.php(60): apply_filters('wpseo_metadesc', '', Object(Yoast\WP\SEO\Presentations\Indexable_Error_Page_Presentation))
#3 /home/customer/www/vegestar.co.nz/public_html/wp-content/plugins/wordpress-seo/src/presenters/abstract-indexable-tag-presenter.php(37): Yoast\WP\SEO\Presenters\Meta_Description_Presenter->get()
#4 /home/customer/www/vegestar.co.nz/public_html/wp-content/plugins/wordpress-seo/src/presenters/meta-description-pres in /home/customer/www/vegestar.co.nz/public_html/wp-content/themes/webduel-theme/functions.php on line 94

2021-09-28T16:27:02+00:00 CRITICAL Uncaught Error: Call to a member function get_description() on string in /home/customer/www/vegestar.co.nz/public_html/wp-content/themes/webduel-theme/functions.php:94
Stack trace:
#0 /home/customer/www/vegestar.co.nz/public_html/wp-includes/class-wp-hook.php(303): change_yoast_desc('', Object(Yoast\WP\SEO\Presentations\Indexable_Error_Page_Presentation))
#1 /home/customer/www/vegestar.co.nz/public_html/wp-includes/plugin.php(189): WP_Hook->apply_filters('', Array)
#2 /home/customer/www/vegestar.co.nz/public_html/wp-content/plugins/wordpress-seo/src/presenters/meta-description-presenter.php(60): apply_filters('wpseo_metadesc', '', Object(Yoast\WP\SEO\Presentations\Indexable_Error_Page_Presentation))
#3 /home/customer/www/vegestar.co.nz/public_html/wp-content/plugins/wordpress-seo/src/presenters/abstract-indexable-tag-presenter.php(37): Yoast\WP\SEO\Presenters\Meta_Description_Presenter->get()
#4 /home/customer/www/vegestar.co.nz/public_html/wp-content/plugins/wordpress-seo/src/presenters/meta-description-pres in /home/customer/www/vegestar.co.nz/public_html/wp-content/themes/webduel-theme/functions.php on line 94

2021-09-28T17:44:53+00:00 CRITICAL Uncaught Error: Call to a member function get_description() on string in /home/customer/www/vegestar.co.nz/public_html/wp-content/themes/webduel-theme/functions.php:94
Stack trace:
#0 /home/customer/www/vegestar.co.nz/public_html/wp-includes/class-wp-hook.php(303): change_yoast_desc('', Object(Yoast\WP\SEO\Presentations\Indexable_Error_Page_Presentation))
#1 /home/customer/www/vegestar.co.nz/public_html/wp-includes/plugin.php(189): WP_Hook->apply_filters('', Array)
#2 /home/customer/www/vegestar.co.nz/public_html/wp-content/plugins/wordpress-seo/src/presenters/meta-description-presenter.php(60): apply_filters('wpseo_metadesc', '', Object(Yoast\WP\SEO\Presentations\Indexable_Error_Page_Presentation))
#3 /home/customer/www/vegestar.co.nz/public_html/wp-content/plugins/wordpress-seo/src/presenters/abstract-indexable-tag-presenter.php(37): Yoast\WP\SEO\Presenters\Meta_Description_Presenter->get()
#4 /home/customer/www/vegestar.co.nz/public_html/wp-content/plugins/wordpress-seo/src/presenters/meta-description-pres in /home/customer/www/vegestar.co.nz/public_html/wp-content/themes/webduel-theme/functions.php on line 94

2021-09-28T19:34:47+00:00 CRITICAL Uncaught Error: Call to a member function get_description() on string in /home/customer/www/vegestar.co.nz/public_html/wp-content/themes/webduel-theme/functions.php:94
Stack trace:
#0 /home/customer/www/vegestar.co.nz/public_html/wp-includes/class-wp-hook.php(303): change_yoast_desc('', Object(Yoast\WP\SEO\Presentations\Indexable_Error_Page_Presentation))
#1 /home/customer/www/vegestar.co.nz/public_html/wp-includes/plugin.php(189): WP_Hook->apply_filters('', Array)
#2 /home/customer/www/vegestar.co.nz/public_html/wp-content/plugins/wordpress-seo/src/presenters/meta-description-presenter.php(60): apply_filters('wpseo_metadesc', '', Object(Yoast\WP\SEO\Presentations\Indexable_Error_Page_Presentation))
#3 /home/customer/www/vegestar.co.nz/public_html/wp-content/plugins/wordpress-seo/src/presenters/abstract-indexable-tag-presenter.php(37): Yoast\WP\SEO\Presenters\Meta_Description_Presenter->get()
#4 /home/customer/www/vegestar.co.nz/public_html/wp-content/plugins/wordpress-seo/src/presenters/meta-description-pres in /home/customer/www/vegestar.co.nz/public_html/wp-content/themes/webduel-theme/functions.php on line 94

2021-09-28T19:52:05+00:00 CRITICAL Uncaught Error: Call to a member function get_description() on string in /home/customer/www/vegestar.co.nz/public_html/wp-content/themes/webduel-theme/functions.php:94
Stack trace:
#0 /home/customer/www/vegestar.co.nz/public_html/wp-includes/class-wp-hook.php(303): change_yoast_desc('', Object(Yoast\WP\SEO\Presentations\Indexable_Error_Page_Presentation))
#1 /home/customer/www/vegestar.co.nz/public_html/wp-includes/plugin.php(189): WP_Hook->apply_filters('', Array)
#2 /home/customer/www/vegestar.co.nz/public_html/wp-content/plugins/wordpress-seo/src/presenters/meta-description-presenter.php(60): apply_filters('wpseo_metadesc', '', Object(Yoast\WP\SEO\Presentations\Indexable_Error_Page_Presentation))
#3 /home/customer/www/vegestar.co.nz/public_html/wp-content/plugins/wordpress-seo/src/presenters/abstract-indexable-tag-presenter.php(37): Yoast\WP\SEO\Presenters\Meta_Description_Presenter->get()
#4 /home/customer/www/vegestar.co.nz/public_html/wp-content/plugins/wordpress-seo/src/presenters/meta-description-pres in /home/customer/www/vegestar.co.nz/public_html/wp-content/themes/webduel-theme/functions.php on line 94

2021-09-28T23:02:06+00:00 CRITICAL Uncaught Error: Call to a member function get_description() on string in /home/customer/www/vegestar.co.nz/public_html/wp-content/themes/webduel-theme/functions.php:94
Stack trace:
#0 /home/customer/www/vegestar.co.nz/public_html/wp-includes/class-wp-hook.php(303): change_yoast_desc('', Object(Yoast\WP\SEO\Presentations\Indexable_Error_Page_Presentation))
#1 /home/customer/www/vegestar.co.nz/public_html/wp-includes/plugin.php(189): WP_Hook->apply_filters('', Array)
#2 /home/customer/www/vegestar.co.nz/public_html/wp-content/plugins/wordpress-seo/src/presenters/meta-description-presenter.php(60): apply_filters('wpseo_metadesc', '', Object(Yoast\WP\SEO\Presentations\Indexable_Error_Page_Presentation))
#3 /home/customer/www/vegestar.co.nz/public_html/wp-content/plugins/wordpress-seo/src/presenters/abstract-indexable-tag-presenter.php(37): Yoast\WP\SEO\Presenters\Meta_Description_Presenter->get()
#4 /home/customer/www/vegestar.co.nz/public_html/wp-content/plugins/wordpress-seo/src/presenters/meta-description-pres in /home/customer/www/vegestar.co.nz/public_html/wp-content/themes/webduel-theme/functions.php on line 94

2021-09-28T23:04:55+00:00 CRITICAL Uncaught Error: Call to a member function get_description() on string in /home/customer/www/vegestar.co.nz/public_html/wp-content/themes/webduel-theme/functions.php:94
Stack trace:
#0 /home/customer/www/vegestar.co.nz/public_html/wp-includes/class-wp-hook.php(303): change_yoast_desc('', Object(Yoast\WP\SEO\Presentations\Indexable_Error_Page_Presentation))
#1 /home/customer/www/vegestar.co.nz/public_html/wp-includes/plugin.php(189): WP_Hook->apply_filters('', Array)
#2 /home/customer/www/vegestar.co.nz/public_html/wp-content/plugins/wordpress-seo/src/presenters/meta-description-presenter.php(60): apply_filters('wpseo_metadesc', '', Object(Yoast\WP\SEO\Presentations\Indexable_Error_Page_Presentation))
#3 /home/customer/www/vegestar.co.nz/public_html/wp-content/plugins/wordpress-seo/src/presenters/abstract-indexable-tag-presenter.php(37): Yoast\WP\SEO\Presenters\Meta_Description_Presenter->get()
#4 /home/customer/www/vegestar.co.nz/public_html/wp-content/plugins/wordpress-seo/src/presenters/meta-description-pres in /home/customer/www/vegestar.co.nz/public_html/wp-content/themes/webduel-theme/functions.php on line 94

