2021-09-05T01:51:41+00:00 CRITICAL Uncaught Error: Call to a member function get_description() on string in /home/customer/www/vegestar.co.nz/public_html/wp-content/themes/webduel-theme/functions.php:94
Stack trace:
#0 /home/customer/www/vegestar.co.nz/public_html/wp-includes/class-wp-hook.php(303): change_yoast_desc('', Object(Yoast\WP\SEO\Presentations\Indexable_Error_Page_Presentation))
#1 /home/customer/www/vegestar.co.nz/public_html/wp-includes/plugin.php(189): WP_Hook->apply_filters('', Array)
#2 /home/customer/www/vegestar.co.nz/public_html/wp-content/plugins/wordpress-seo/src/presenters/meta-description-presenter.php(60): apply_filters('wpseo_metadesc', '', Object(Yoast\WP\SEO\Presentations\Indexable_Error_Page_Presentation))
#3 /home/customer/www/vegestar.co.nz/public_html/wp-content/plugins/wordpress-seo/src/presenters/abstract-indexable-tag-presenter.php(37): Yoast\WP\SEO\Presenters\Meta_Description_Presenter->get()
#4 /home/customer/www/vegestar.co.nz/public_html/wp-content/plugins/wordpress-seo/src/presenters/meta-description-pres in /home/customer/www/vegestar.co.nz/public_html/wp-content/themes/webduel-theme/functions.php on line 94

2021-09-05T01:58:05+00:00 CRITICAL Uncaught Error: Call to a member function get_description() on string in /home/customer/www/vegestar.co.nz/public_html/wp-content/themes/webduel-theme/functions.php:94
Stack trace:
#0 /home/customer/www/vegestar.co.nz/public_html/wp-includes/class-wp-hook.php(303): change_yoast_desc('', Object(Yoast\WP\SEO\Presentations\Indexable_Error_Page_Presentation))
#1 /home/customer/www/vegestar.co.nz/public_html/wp-includes/plugin.php(189): WP_Hook->apply_filters('', Array)
#2 /home/customer/www/vegestar.co.nz/public_html/wp-content/plugins/wordpress-seo/src/presenters/meta-description-presenter.php(60): apply_filters('wpseo_metadesc', '', Object(Yoast\WP\SEO\Presentations\Indexable_Error_Page_Presentation))
#3 /home/customer/www/vegestar.co.nz/public_html/wp-content/plugins/wordpress-seo/src/presenters/abstract-indexable-tag-presenter.php(37): Yoast\WP\SEO\Presenters\Meta_Description_Presenter->get()
#4 /home/customer/www/vegestar.co.nz/public_html/wp-content/plugins/wordpress-seo/src/presenters/meta-description-pres in /home/customer/www/vegestar.co.nz/public_html/wp-content/themes/webduel-theme/functions.php on line 94

2021-09-05T01:59:21+00:00 CRITICAL Uncaught Error: Call to a member function get_description() on string in /home/customer/www/vegestar.co.nz/public_html/wp-content/themes/webduel-theme/functions.php:94
Stack trace:
#0 /home/customer/www/vegestar.co.nz/public_html/wp-includes/class-wp-hook.php(303): change_yoast_desc('', Object(Yoast\WP\SEO\Presentations\Indexable_Error_Page_Presentation))
#1 /home/customer/www/vegestar.co.nz/public_html/wp-includes/plugin.php(189): WP_Hook->apply_filters('', Array)
#2 /home/customer/www/vegestar.co.nz/public_html/wp-content/plugins/wordpress-seo/src/presenters/meta-description-presenter.php(60): apply_filters('wpseo_metadesc', '', Object(Yoast\WP\SEO\Presentations\Indexable_Error_Page_Presentation))
#3 /home/customer/www/vegestar.co.nz/public_html/wp-content/plugins/wordpress-seo/src/presenters/abstract-indexable-tag-presenter.php(37): Yoast\WP\SEO\Presenters\Meta_Description_Presenter->get()
#4 /home/customer/www/vegestar.co.nz/public_html/wp-content/plugins/wordpress-seo/src/presenters/meta-description-pres in /home/customer/www/vegestar.co.nz/public_html/wp-content/themes/webduel-theme/functions.php on line 94

2021-09-05T02:08:06+00:00 CRITICAL Uncaught Error: Call to a member function get_description() on string in /home/customer/www/vegestar.co.nz/public_html/wp-content/themes/webduel-theme/functions.php:94
Stack trace:
#0 /home/customer/www/vegestar.co.nz/public_html/wp-includes/class-wp-hook.php(303): change_yoast_desc('', Object(Yoast\WP\SEO\Presentations\Indexable_Error_Page_Presentation))
#1 /home/customer/www/vegestar.co.nz/public_html/wp-includes/plugin.php(189): WP_Hook->apply_filters('', Array)
#2 /home/customer/www/vegestar.co.nz/public_html/wp-content/plugins/wordpress-seo/src/presenters/meta-description-presenter.php(60): apply_filters('wpseo_metadesc', '', Object(Yoast\WP\SEO\Presentations\Indexable_Error_Page_Presentation))
#3 /home/customer/www/vegestar.co.nz/public_html/wp-content/plugins/wordpress-seo/src/presenters/abstract-indexable-tag-presenter.php(37): Yoast\WP\SEO\Presenters\Meta_Description_Presenter->get()
#4 /home/customer/www/vegestar.co.nz/public_html/wp-content/plugins/wordpress-seo/src/presenters/meta-description-pres in /home/customer/www/vegestar.co.nz/public_html/wp-content/themes/webduel-theme/functions.php on line 94

2021-09-05T02:58:23+00:00 CRITICAL Uncaught Error: Call to a member function get_description() on string in /home/customer/www/vegestar.co.nz/public_html/wp-content/themes/webduel-theme/functions.php:94
Stack trace:
#0 /home/customer/www/vegestar.co.nz/public_html/wp-includes/class-wp-hook.php(303): change_yoast_desc('', Object(Yoast\WP\SEO\Presentations\Indexable_Error_Page_Presentation))
#1 /home/customer/www/vegestar.co.nz/public_html/wp-includes/plugin.php(189): WP_Hook->apply_filters('', Array)
#2 /home/customer/www/vegestar.co.nz/public_html/wp-content/plugins/wordpress-seo/src/presenters/meta-description-presenter.php(60): apply_filters('wpseo_metadesc', '', Object(Yoast\WP\SEO\Presentations\Indexable_Error_Page_Presentation))
#3 /home/customer/www/vegestar.co.nz/public_html/wp-content/plugins/wordpress-seo/src/presenters/abstract-indexable-tag-presenter.php(37): Yoast\WP\SEO\Presenters\Meta_Description_Presenter->get()
#4 /home/customer/www/vegestar.co.nz/public_html/wp-content/plugins/wordpress-seo/src/presenters/meta-description-pres in /home/customer/www/vegestar.co.nz/public_html/wp-content/themes/webduel-theme/functions.php on line 94

2021-09-05T02:58:56+00:00 CRITICAL Uncaught Error: Call to a member function get_description() on string in /home/customer/www/vegestar.co.nz/public_html/wp-content/themes/webduel-theme/functions.php:94
Stack trace:
#0 /home/customer/www/vegestar.co.nz/public_html/wp-includes/class-wp-hook.php(303): change_yoast_desc('', Object(Yoast\WP\SEO\Presentations\Indexable_Error_Page_Presentation))
#1 /home/customer/www/vegestar.co.nz/public_html/wp-includes/plugin.php(189): WP_Hook->apply_filters('', Array)
#2 /home/customer/www/vegestar.co.nz/public_html/wp-content/plugins/wordpress-seo/src/presenters/meta-description-presenter.php(60): apply_filters('wpseo_metadesc', '', Object(Yoast\WP\SEO\Presentations\Indexable_Error_Page_Presentation))
#3 /home/customer/www/vegestar.co.nz/public_html/wp-content/plugins/wordpress-seo/src/presenters/abstract-indexable-tag-presenter.php(37): Yoast\WP\SEO\Presenters\Meta_Description_Presenter->get()
#4 /home/customer/www/vegestar.co.nz/public_html/wp-content/plugins/wordpress-seo/src/presenters/meta-description-pres in /home/customer/www/vegestar.co.nz/public_html/wp-content/themes/webduel-theme/functions.php on line 94

2021-09-05T03:42:38+00:00 CRITICAL Uncaught Error: Call to a member function get_description() on string in /home/customer/www/vegestar.co.nz/public_html/wp-content/themes/webduel-theme/functions.php:94
Stack trace:
#0 /home/customer/www/vegestar.co.nz/public_html/wp-includes/class-wp-hook.php(303): change_yoast_desc('', Object(Yoast\WP\SEO\Presentations\Indexable_Error_Page_Presentation))
#1 /home/customer/www/vegestar.co.nz/public_html/wp-includes/plugin.php(189): WP_Hook->apply_filters('', Array)
#2 /home/customer/www/vegestar.co.nz/public_html/wp-content/plugins/wordpress-seo/src/presenters/meta-description-presenter.php(60): apply_filters('wpseo_metadesc', '', Object(Yoast\WP\SEO\Presentations\Indexable_Error_Page_Presentation))
#3 /home/customer/www/vegestar.co.nz/public_html/wp-content/plugins/wordpress-seo/src/presenters/abstract-indexable-tag-presenter.php(37): Yoast\WP\SEO\Presenters\Meta_Description_Presenter->get()
#4 /home/customer/www/vegestar.co.nz/public_html/wp-content/plugins/wordpress-seo/src/presenters/meta-description-pres in /home/customer/www/vegestar.co.nz/public_html/wp-content/themes/webduel-theme/functions.php on line 94

2021-09-05T07:53:26+00:00 CRITICAL Uncaught Error: Call to a member function get_description() on string in /home/customer/www/vegestar.co.nz/public_html/wp-content/themes/webduel-theme/functions.php:94
Stack trace:
#0 /home/customer/www/vegestar.co.nz/public_html/wp-includes/class-wp-hook.php(303): change_yoast_desc('', Object(Yoast\WP\SEO\Presentations\Indexable_Error_Page_Presentation))
#1 /home/customer/www/vegestar.co.nz/public_html/wp-includes/plugin.php(189): WP_Hook->apply_filters('', Array)
#2 /home/customer/www/vegestar.co.nz/public_html/wp-content/plugins/wordpress-seo/src/presenters/meta-description-presenter.php(60): apply_filters('wpseo_metadesc', '', Object(Yoast\WP\SEO\Presentations\Indexable_Error_Page_Presentation))
#3 /home/customer/www/vegestar.co.nz/public_html/wp-content/plugins/wordpress-seo/src/presenters/abstract-indexable-tag-presenter.php(37): Yoast\WP\SEO\Presenters\Meta_Description_Presenter->get()
#4 /home/customer/www/vegestar.co.nz/public_html/wp-content/plugins/wordpress-seo/src/presenters/meta-description-pres in /home/customer/www/vegestar.co.nz/public_html/wp-content/themes/webduel-theme/functions.php on line 94

2021-09-05T07:53:31+00:00 CRITICAL Uncaught Error: Call to a member function get_description() on string in /home/customer/www/vegestar.co.nz/public_html/wp-content/themes/webduel-theme/functions.php:94
Stack trace:
#0 /home/customer/www/vegestar.co.nz/public_html/wp-includes/class-wp-hook.php(303): change_yoast_desc('', Object(Yoast\WP\SEO\Presentations\Indexable_Error_Page_Presentation))
#1 /home/customer/www/vegestar.co.nz/public_html/wp-includes/plugin.php(189): WP_Hook->apply_filters('', Array)
#2 /home/customer/www/vegestar.co.nz/public_html/wp-content/plugins/wordpress-seo/src/presenters/meta-description-presenter.php(60): apply_filters('wpseo_metadesc', '', Object(Yoast\WP\SEO\Presentations\Indexable_Error_Page_Presentation))
#3 /home/customer/www/vegestar.co.nz/public_html/wp-content/plugins/wordpress-seo/src/presenters/abstract-indexable-tag-presenter.php(37): Yoast\WP\SEO\Presenters\Meta_Description_Presenter->get()
#4 /home/customer/www/vegestar.co.nz/public_html/wp-content/plugins/wordpress-seo/src/presenters/meta-description-pres in /home/customer/www/vegestar.co.nz/public_html/wp-content/themes/webduel-theme/functions.php on line 94

2021-09-05T08:34:37+00:00 CRITICAL Uncaught Error: Call to a member function get_description() on string in /home/customer/www/vegestar.co.nz/public_html/wp-content/themes/webduel-theme/functions.php:94
Stack trace:
#0 /home/customer/www/vegestar.co.nz/public_html/wp-includes/class-wp-hook.php(303): change_yoast_desc('', Object(Yoast\WP\SEO\Presentations\Indexable_Error_Page_Presentation))
#1 /home/customer/www/vegestar.co.nz/public_html/wp-includes/plugin.php(189): WP_Hook->apply_filters('', Array)
#2 /home/customer/www/vegestar.co.nz/public_html/wp-content/plugins/wordpress-seo/src/presenters/meta-description-presenter.php(60): apply_filters('wpseo_metadesc', '', Object(Yoast\WP\SEO\Presentations\Indexable_Error_Page_Presentation))
#3 /home/customer/www/vegestar.co.nz/public_html/wp-content/plugins/wordpress-seo/src/presenters/abstract-indexable-tag-presenter.php(37): Yoast\WP\SEO\Presenters\Meta_Description_Presenter->get()
#4 /home/customer/www/vegestar.co.nz/public_html/wp-content/plugins/wordpress-seo/src/presenters/meta-description-pres in /home/customer/www/vegestar.co.nz/public_html/wp-content/themes/webduel-theme/functions.php on line 94

2021-09-05T09:37:23+00:00 CRITICAL Uncaught Error: Call to a member function get_description() on string in /home/customer/www/vegestar.co.nz/public_html/wp-content/themes/webduel-theme/functions.php:94
Stack trace:
#0 /home/customer/www/vegestar.co.nz/public_html/wp-includes/class-wp-hook.php(303): change_yoast_desc('', Object(Yoast\WP\SEO\Presentations\Indexable_Error_Page_Presentation))
#1 /home/customer/www/vegestar.co.nz/public_html/wp-includes/plugin.php(189): WP_Hook->apply_filters('', Array)
#2 /home/customer/www/vegestar.co.nz/public_html/wp-content/plugins/wordpress-seo/src/presenters/meta-description-presenter.php(60): apply_filters('wpseo_metadesc', '', Object(Yoast\WP\SEO\Presentations\Indexable_Error_Page_Presentation))
#3 /home/customer/www/vegestar.co.nz/public_html/wp-content/plugins/wordpress-seo/src/presenters/abstract-indexable-tag-presenter.php(37): Yoast\WP\SEO\Presenters\Meta_Description_Presenter->get()
#4 /home/customer/www/vegestar.co.nz/public_html/wp-content/plugins/wordpress-seo/src/presenters/meta-description-pres in /home/customer/www/vegestar.co.nz/public_html/wp-content/themes/webduel-theme/functions.php on line 94

2021-09-05T10:40:47+00:00 CRITICAL Uncaught Error: Call to a member function get_description() on string in /home/customer/www/vegestar.co.nz/public_html/wp-content/themes/webduel-theme/functions.php:94
Stack trace:
#0 /home/customer/www/vegestar.co.nz/public_html/wp-includes/class-wp-hook.php(303): change_yoast_desc('', Object(Yoast\WP\SEO\Presentations\Indexable_Error_Page_Presentation))
#1 /home/customer/www/vegestar.co.nz/public_html/wp-includes/plugin.php(189): WP_Hook->apply_filters('', Array)
#2 /home/customer/www/vegestar.co.nz/public_html/wp-content/plugins/wordpress-seo/src/presenters/meta-description-presenter.php(60): apply_filters('wpseo_metadesc', '', Object(Yoast\WP\SEO\Presentations\Indexable_Error_Page_Presentation))
#3 /home/customer/www/vegestar.co.nz/public_html/wp-content/plugins/wordpress-seo/src/presenters/abstract-indexable-tag-presenter.php(37): Yoast\WP\SEO\Presenters\Meta_Description_Presenter->get()
#4 /home/customer/www/vegestar.co.nz/public_html/wp-content/plugins/wordpress-seo/src/presenters/meta-description-pres in /home/customer/www/vegestar.co.nz/public_html/wp-content/themes/webduel-theme/functions.php on line 94

2021-09-05T13:30:49+00:00 CRITICAL Uncaught Error: Call to a member function get_description() on string in /home/customer/www/vegestar.co.nz/public_html/wp-content/themes/webduel-theme/functions.php:94
Stack trace:
#0 /home/customer/www/vegestar.co.nz/public_html/wp-includes/class-wp-hook.php(303): change_yoast_desc('', Object(Yoast\WP\SEO\Presentations\Indexable_Error_Page_Presentation))
#1 /home/customer/www/vegestar.co.nz/public_html/wp-includes/plugin.php(189): WP_Hook->apply_filters('', Array)
#2 /home/customer/www/vegestar.co.nz/public_html/wp-content/plugins/wordpress-seo/src/presenters/meta-description-presenter.php(60): apply_filters('wpseo_metadesc', '', Object(Yoast\WP\SEO\Presentations\Indexable_Error_Page_Presentation))
#3 /home/customer/www/vegestar.co.nz/public_html/wp-content/plugins/wordpress-seo/src/presenters/abstract-indexable-tag-presenter.php(37): Yoast\WP\SEO\Presenters\Meta_Description_Presenter->get()
#4 /home/customer/www/vegestar.co.nz/public_html/wp-content/plugins/wordpress-seo/src/presenters/meta-description-pres in /home/customer/www/vegestar.co.nz/public_html/wp-content/themes/webduel-theme/functions.php on line 94

2021-09-05T19:27:45+00:00 CRITICAL Uncaught Error: Call to a member function get_description() on string in /home/customer/www/vegestar.co.nz/public_html/wp-content/themes/webduel-theme/functions.php:94
Stack trace:
#0 /home/customer/www/vegestar.co.nz/public_html/wp-includes/class-wp-hook.php(303): change_yoast_desc('', Object(Yoast\WP\SEO\Presentations\Indexable_Error_Page_Presentation))
#1 /home/customer/www/vegestar.co.nz/public_html/wp-includes/plugin.php(189): WP_Hook->apply_filters('', Array)
#2 /home/customer/www/vegestar.co.nz/public_html/wp-content/plugins/wordpress-seo/src/presenters/meta-description-presenter.php(60): apply_filters('wpseo_metadesc', '', Object(Yoast\WP\SEO\Presentations\Indexable_Error_Page_Presentation))
#3 /home/customer/www/vegestar.co.nz/public_html/wp-content/plugins/wordpress-seo/src/presenters/abstract-indexable-tag-presenter.php(37): Yoast\WP\SEO\Presenters\Meta_Description_Presenter->get()
#4 /home/customer/www/vegestar.co.nz/public_html/wp-content/plugins/wordpress-seo/src/presenters/meta-description-pres in /home/customer/www/vegestar.co.nz/public_html/wp-content/themes/webduel-theme/functions.php on line 94

2021-09-05T19:53:42+00:00 CRITICAL Uncaught Error: Call to a member function get_description() on string in /home/customer/www/vegestar.co.nz/public_html/wp-content/themes/webduel-theme/functions.php:94
Stack trace:
#0 /home/customer/www/vegestar.co.nz/public_html/wp-includes/class-wp-hook.php(303): change_yoast_desc('', Object(Yoast\WP\SEO\Presentations\Indexable_Error_Page_Presentation))
#1 /home/customer/www/vegestar.co.nz/public_html/wp-includes/plugin.php(189): WP_Hook->apply_filters('', Array)
#2 /home/customer/www/vegestar.co.nz/public_html/wp-content/plugins/wordpress-seo/src/presenters/meta-description-presenter.php(60): apply_filters('wpseo_metadesc', '', Object(Yoast\WP\SEO\Presentations\Indexable_Error_Page_Presentation))
#3 /home/customer/www/vegestar.co.nz/public_html/wp-content/plugins/wordpress-seo/src/presenters/abstract-indexable-tag-presenter.php(37): Yoast\WP\SEO\Presenters\Meta_Description_Presenter->get()
#4 /home/customer/www/vegestar.co.nz/public_html/wp-content/plugins/wordpress-seo/src/presenters/meta-description-pres in /home/customer/www/vegestar.co.nz/public_html/wp-content/themes/webduel-theme/functions.php on line 94

2021-09-05T20:58:57+00:00 CRITICAL Uncaught Error: Call to a member function get_description() on string in /home/customer/www/vegestar.co.nz/public_html/wp-content/themes/webduel-theme/functions.php:94
Stack trace:
#0 /home/customer/www/vegestar.co.nz/public_html/wp-includes/class-wp-hook.php(303): change_yoast_desc('', Object(Yoast\WP\SEO\Presentations\Indexable_Error_Page_Presentation))
#1 /home/customer/www/vegestar.co.nz/public_html/wp-includes/plugin.php(189): WP_Hook->apply_filters('', Array)
#2 /home/customer/www/vegestar.co.nz/public_html/wp-content/plugins/wordpress-seo/src/presenters/meta-description-presenter.php(60): apply_filters('wpseo_metadesc', '', Object(Yoast\WP\SEO\Presentations\Indexable_Error_Page_Presentation))
#3 /home/customer/www/vegestar.co.nz/public_html/wp-content/plugins/wordpress-seo/src/presenters/abstract-indexable-tag-presenter.php(37): Yoast\WP\SEO\Presenters\Meta_Description_Presenter->get()
#4 /home/customer/www/vegestar.co.nz/public_html/wp-content/plugins/wordpress-seo/src/presenters/meta-description-pres in /home/customer/www/vegestar.co.nz/public_html/wp-content/themes/webduel-theme/functions.php on line 94

2021-09-05T23:04:48+00:00 CRITICAL Uncaught Error: Call to a member function get_description() on string in /home/customer/www/vegestar.co.nz/public_html/wp-content/themes/webduel-theme/functions.php:94
Stack trace:
#0 /home/customer/www/vegestar.co.nz/public_html/wp-includes/class-wp-hook.php(303): change_yoast_desc('', Object(Yoast\WP\SEO\Presentations\Indexable_Error_Page_Presentation))
#1 /home/customer/www/vegestar.co.nz/public_html/wp-includes/plugin.php(189): WP_Hook->apply_filters('', Array)
#2 /home/customer/www/vegestar.co.nz/public_html/wp-content/plugins/wordpress-seo/src/presenters/meta-description-presenter.php(60): apply_filters('wpseo_metadesc', '', Object(Yoast\WP\SEO\Presentations\Indexable_Error_Page_Presentation))
#3 /home/customer/www/vegestar.co.nz/public_html/wp-content/plugins/wordpress-seo/src/presenters/abstract-indexable-tag-presenter.php(37): Yoast\WP\SEO\Presenters\Meta_Description_Presenter->get()
#4 /home/customer/www/vegestar.co.nz/public_html/wp-content/plugins/wordpress-seo/src/presenters/meta-description-pres in /home/customer/www/vegestar.co.nz/public_html/wp-content/themes/webduel-theme/functions.php on line 94

